#
# A fatal error has been detected by the Java Runtime Environment:
#
#  SIGSEGV (0xb) at pc=0x00007f3672005020, pid=16313, tid=0x00007f36aa538700
#
# JRE version: OpenJDK Runtime Environment (8.0_171-b11) (build 1.8.0_171-8u171-b11-0ubuntu0.18.04.1-b11)
# Java VM: OpenJDK 64-Bit Server VM (25.171-b11 mixed mode linux-amd64 compressed oops)
# Problematic frame:
# C  0x00007f3672005020
#
# Failed to write core dump. Core dumps have been disabled. To enable core dumping, try "ulimit -c unlimited" before starting Java again
#
# If you would like to submit a bug report, please visit:
#   http://bugreport.java.com/bugreport/crash.jsp
#

---------------  T H R E A D  ---------------

Current thread (0x00007f36c04f5000):  JavaThread "Test worker" [_thread_in_Java, id=16333, stack(0x00007f36aa438000,0x00007f36aa539000)]

siginfo: si_signo: 11 (SIGSEGV), si_code: 2 (SEGV_ACCERR), si_addr: 0x00007f3672005020

Registers:
RAX=0x00000000c2f4a800, RBX=0x0000000000003f30, RCX=0x00000001002810f8, RDX=0x00000000c26ce228
RSP=0x00007f36aa534ad8, RBP=0x00007f36aa534f08, RSI=0x00000000c2f50b78, RDI=0x00000001002810f8
R8 =0x0000000000000112, R9 =0x00000000c2f66ef8, R10=0x00000000c2f4a800, R11=0x00000000c2f50b78
R12=0x0000000000000000, R13=0x00007f36aa534ea8, R14=0x00007f36aa534f20, R15=0x00007f36c04f5000
RIP=0x00007f3672005020, EFLAGS=0x0000000000010246, CSGSFS=0x002b000000000033, ERR=0x0000000000000015
  TRAPNO=0x000000000000000e

Top of Stack: (sp=0x00007f36aa534ad8)
0x00007f36aa534ad8:   00007f36b1b5012c 00007f36aa534f08
0x00007f36aa534ae8:   00007f36b1c94d7c 0000000000000000
0x00007f36aa534af8:   0000000000000000 00007f368c001ce0
0x00007f36aa534b08:   00007f36c972b353 00000000c2f67088
0x00007f36aa534b18:   00000000ed0ae150 00000000c2f4a800
0x00007f36aa534b28:   00007f36000000fc 00007f36aa534f08
0x00007f36aa534b38:   00007f36b1cb813c 00007f36b082e548
0x00007f36aa534b48:   00007f36c07c7990 00007f36aa534f70
0x00007f36aa534b58:   00007f36c04f5000 00007f36aa534b80
0x00007f36aa534b68:   00007f36c8e997f4 00007f36a940c9f0
0x00007f36aa534b78:   0000000000000000 00007f36aa534bd0
0x00007f36aa534b88:   00007f36b12ad6a6 00000000c2f50b78
0x00007f36aa534b98:   00007f36b129631c 00007f36aa534c10
0x00007f36aa534ba8:   00007f36c8e5a7a5 00007f36aa534f08
0x00007f36aa534bb8:   00007f36b1b4bd24 000000fc00000000
0x00007f36aa534bc8:   00000000ed0ae150 39dffddd00000007
0x00007f36aa534bd8:   00000000c2f67268 00000000c2f66da0
0x00007f36aa534be8:   00000000c2f67070 00000000c2f66ef8
0x00007f36aa534bf8:   00007f36b1c834e4 00007f36aa534f08
0x00007f36aa534c08:   00007f36b1cc04d4 00000000ed04a068
0x00007f36aa534c18:   00007f36b1d1b635 00007f36aa534f70
0x00007f36aa534c28:   00007f36b1c89444 00000000c2f69910
0x00007f36aa534c38:   8fde78d080127900 00000000c2f6ef88
0x00007f36aa534c48:   00007f36c04f5000 00007f36aa534cb0
0x00007f36aa534c58:   00007f36aa534ea8 0000000000000000
0x00007f36aa534c68:   00007f36c04f5000 00007f36aa534ca0
0x00007f36aa534c78:   00007f36c8e97a00 00007f36b0800640
0x00007f36aa534c88:   0000000000000000 00007f36aa534ea8
0x00007f36aa534c98:   00007f36aa534f20 00007f36aa534cf0
0x00007f36aa534ca8:   00007f36b11427e6 00000000c2f50b78
0x00007f36aa534cb8:   00007f36b1bc070c 00007f36b1d16ac4
0x00007f36aa534cc8:   00000000ed0ad0a8 0000000000000000 

Instructions: (pc=0x00007f3672005020)
0x00007f3672005000:   00 00 00 00 00 00 00 00 00 00 00 00 00 00 00 00
0x00007f3672005010:   00 00 00 00 00 00 00 00 00 00 00 00 00 00 00 00
0x00007f3672005020:   00 00 00 00 00 00 00 00 00 00 00 00 00 00 00 00
0x00007f3672005030:   00 00 00 00 00 00 00 00 00 00 00 00 00 00 00 00 

Register to memory mapping:

RAX=0x00000000c2f4a800 is an oop
[Z 
 - klass: {type array bool}
 - length: 90
RBX=0x0000000000003f30 is an unknown value
RCX=0x00000001002810f8 is pointing into metadata
RDX=0x00000000c26ce228 is an oop
java.lang.Class 
 - klass: 'java/lang/Class'
RSP=0x00007f36aa534ad8 is pointing into the stack for thread: 0x00007f36c04f5000
RBP=0x00007f36aa534f08 is pointing into the stack for thread: 0x00007f36c04f5000
RSI=0x00000000c2f50b78 is an oop
java.lang.Class 
 - klass: 'java/lang/Class'
RDI=0x00000001002810f8 is pointing into metadata
R8 =0x0000000000000112 is an unknown value
R9 =0x00000000c2f66ef8 is an oop
[Z 
 - klass: {type array bool}
 - length: 120
R10=0x00000000c2f4a800 is an oop
[Z 
 - klass: {type array bool}
 - length: 90
R11=0x00000000c2f50b78 is an oop
java.lang.Class 
 - klass: 'java/lang/Class'
R12=0x0000000000000000 is an unknown value
R13=0x00007f36aa534ea8 is pointing into the stack for thread: 0x00007f36c04f5000
R14=0x00007f36aa534f20 is pointing into the stack for thread: 0x00007f36c04f5000
R15=0x00007f36c04f5000 is a thread


Stack: [0x00007f36aa438000,0x00007f36aa539000],  sp=0x00007f36aa534ad8,  free space=1010k
Native frames: (J=compiled Java code, j=interpreted, Vv=VM code, C=native code)
C  0x00007f3672005020
j  com.google.inject.internal.BindingBuilder.to(Ljava/lang/Class;)Lcom/google/inject/internal/BindingBuilder;+6
j  com.google.inject.internal.BindingBuilder.to(Ljava/lang/Class;)Lcom/google/inject/binder/ScopedBindingBuilder;+6
j  com.nike.backstopper.handler.riposte.config.guice.BackstopperRiposteConfigGuiceModule.configure()V+48
j  com.google.inject.AbstractModule.configure(Lcom/google/inject/Binder;)V+51
j  com.google.inject.spi.Elements$RecordingBinder.install(Lcom/google/inject/Module;)V+250
j  com.google.inject.spi.Elements.getElements(Lcom/google/inject/Stage;Ljava/lang/Iterable;)Ljava/util/List;+60
j  com.google.inject.internal.InjectorShell$Builder.build(Lcom/google/inject/internal/Initializer;Lcom/google/inject/internal/ProcessedBindingData;Lcom/google/inject/internal/util/Stopwatch;Lcom/google/inject/internal/Errors;)Ljava/util/List;+208
j  com.google.inject.internal.InternalInjectorCreator.build()Lcom/google/inject/Injector;+67
j  com.google.inject.Guice.createInjector(Lcom/google/inject/Stage;Ljava/lang/Iterable;)Lcom/google/inject/Injector;+19
j  com.google.inject.Guice.createInjector(Ljava/lang/Iterable;)Lcom/google/inject/Injector;+8
j  com.myorg.ripostemicroservicetemplate.server.config.AppServerConfig.<init>(Lcom/typesafe/config/Config;Lcom/nike/guice/PropertiesRegistrationGuiceModule;)V+100
j  com.myorg.ripostemicroservicetemplate.server.config.AppServerConfig.<init>(Lcom/typesafe/config/Config;)V+14
j  com.myorg.ripostemicroservicetemplate.server.config.AppServerConfigTest.beforeMethod()V+52
v  ~StubRoutines::call_stub
V  [libjvm.so+0x67d8eb]
V  [libjvm.so+0x96eef5]
V  [libjvm.so+0x9708d5]
V  [libjvm.so+0x6cd721]  JVM_InvokeMethod+0x111
J 3419  sun.reflect.NativeMethodAccessorImpl.invoke0(Ljava/lang/reflect/Method;Ljava/lang/Object;[Ljava/lang/Object;)Ljava/lang/Object; (0 bytes) @ 0x00007f36b1120bed [0x00007f36b1120b00+0xed]
J 3418 C1 sun.reflect.NativeMethodAccessorImpl.invoke(Ljava/lang/Object;[Ljava/lang/Object;)Ljava/lang/Object; (104 bytes) @ 0x00007f36b12e6c7c [0x00007f36b12e68e0+0x39c]
J 3499 C1 sun.reflect.DelegatingMethodAccessorImpl.invoke(Ljava/lang/Object;[Ljava/lang/Object;)Ljava/lang/Object; (10 bytes) @ 0x00007f36b12b702c [0x00007f36b12b6fc0+0x6c]
J 3498 C1 java.lang.reflect.Method.invoke(Ljava/lang/Object;[Ljava/lang/Object;)Ljava/lang/Object; (62 bytes) @ 0x00007f36b111c7fc [0x00007f36b111c6e0+0x11c]
j  org.junit.runners.model.FrameworkMethod$1.runReflectiveCall()Ljava/lang/Object;+19
j  org.junit.internal.runners.model.ReflectiveCallable.run()Ljava/lang/Object;+5
j  org.junit.runners.model.FrameworkMethod.invokeExplosively(Ljava/lang/Object;[Ljava/lang/Object;)Ljava/lang/Object;+14
j  org.junit.internal.runners.statements.RunBefores.evaluate()V+50
j  org.junit.runners.ParentRunner.runLeaf(Lorg/junit/runners/model/Statement;Lorg/junit/runner/Description;Lorg/junit/runner/notification/RunNotifier;)V+34
j  org.junit.runners.BlockJUnit4ClassRunner.runChild(Lorg/junit/runners/model/FrameworkMethod;Lorg/junit/runner/notification/RunNotifier;)V+49
j  org.junit.runners.BlockJUnit4ClassRunner.runChild(Ljava/lang/Object;Lorg/junit/runner/notification/RunNotifier;)V+10
j  org.junit.runners.ParentRunner$3.run()V+16
j  org.junit.runners.ParentRunner$1.schedule(Ljava/lang/Runnable;)V+5
j  org.junit.runners.ParentRunner.runChildren(Lorg/junit/runner/notification/RunNotifier;)V+66
j  org.junit.runners.ParentRunner.access$000(Lorg/junit/runners/ParentRunner;Lorg/junit/runner/notification/RunNotifier;)V+6
j  org.junit.runners.ParentRunner$2.evaluate()V+12
j  org.junit.runners.ParentRunner.run(Lorg/junit/runner/notification/RunNotifier;)V+36
j  org.gradle.api.internal.tasks.testing.junit.JUnitTestClassExecuter.runTestClass(Ljava/lang/String;)V+444
j  org.gradle.api.internal.tasks.testing.junit.JUnitTestClassExecuter.execute(Ljava/lang/String;)V+22
j  org.gradle.api.internal.tasks.testing.junit.JUnitTestClassProcessor.processTestClass(Lorg/gradle/api/internal/tasks/testing/TestClassRunInfo;)V+35
j  org.gradle.api.internal.tasks.testing.SuiteTestClassProcessor.processTestClass(Lorg/gradle/api/internal/tasks/testing/TestClassRunInfo;)V+9
v  ~StubRoutines::call_stub
V  [libjvm.so+0x67d8eb]
V  [libjvm.so+0x96eef5]
V  [libjvm.so+0x9708d5]
V  [libjvm.so+0x6cd721]  JVM_InvokeMethod+0x111
J 3419  sun.reflect.NativeMethodAccessorImpl.invoke0(Ljava/lang/reflect/Method;Ljava/lang/Object;[Ljava/lang/Object;)Ljava/lang/Object; (0 bytes) @ 0x00007f36b1120bed [0x00007f36b1120b00+0xed]
J 3418 C1 sun.reflect.NativeMethodAccessorImpl.invoke(Ljava/lang/Object;[Ljava/lang/Object;)Ljava/lang/Object; (104 bytes) @ 0x00007f36b12e6c7c [0x00007f36b12e68e0+0x39c]
J 3499 C1 sun.reflect.DelegatingMethodAccessorImpl.invoke(Ljava/lang/Object;[Ljava/lang/Object;)Ljava/lang/Object; (10 bytes) @ 0x00007f36b12b702c [0x00007f36b12b6fc0+0x6c]
J 3498 C1 java.lang.reflect.Method.invoke(Ljava/lang/Object;[Ljava/lang/Object;)Ljava/lang/Object; (62 bytes) @ 0x00007f36b111c7fc [0x00007f36b111c6e0+0x11c]
j  org.gradle.internal.dispatch.ReflectionDispatch.dispatch(Lorg/gradle/internal/dispatch/MethodInvocation;)V+31
j  org.gradle.internal.dispatch.ReflectionDispatch.dispatch(Ljava/lang/Object;)V+9
j  org.gradle.internal.dispatch.ContextClassLoaderDispatch.dispatch(Ljava/lang/Object;)V+34
j  org.gradle.internal.dispatch.ProxyDispatchAdapter$DispatchingInvocationHandler.invoke(Ljava/lang/Object;Ljava/lang/reflect/Method;[Ljava/lang/Object;)Ljava/lang/Object;+288
j  com.sun.proxy.$Proxy1.processTestClass(Lorg/gradle/api/internal/tasks/testing/TestClassRunInfo;)V+16
j  org.gradle.api.internal.tasks.testing.worker.TestWorker.processTestClass(Lorg/gradle/api/internal/tasks/testing/TestClassRunInfo;)V+22
v  ~StubRoutines::call_stub
V  [libjvm.so+0x67d8eb]
V  [libjvm.so+0x96eef5]
V  [libjvm.so+0x9708d5]
V  [libjvm.so+0x6cd721]  JVM_InvokeMethod+0x111
J 3419  sun.reflect.NativeMethodAccessorImpl.invoke0(Ljava/lang/reflect/Method;Ljava/lang/Object;[Ljava/lang/Object;)Ljava/lang/Object; (0 bytes) @ 0x00007f36b1120bed [0x00007f36b1120b00+0xed]
J 3418 C1 sun.reflect.NativeMethodAccessorImpl.invoke(Ljava/lang/Object;[Ljava/lang/Object;)Ljava/lang/Object; (104 bytes) @ 0x00007f36b12e6c7c [0x00007f36b12e68e0+0x39c]
J 3499 C1 sun.reflect.DelegatingMethodAccessorImpl.invoke(Ljava/lang/Object;[Ljava/lang/Object;)Ljava/lang/Object; (10 bytes) @ 0x00007f36b12b702c [0x00007f36b12b6fc0+0x6c]
J 3498 C1 java.lang.reflect.Method.invoke(Ljava/lang/Object;[Ljava/lang/Object;)Ljava/lang/Object; (62 bytes) @ 0x00007f36b111c7fc [0x00007f36b111c6e0+0x11c]
j  org.gradle.internal.dispatch.ReflectionDispatch.dispatch(Lorg/gradle/internal/dispatch/MethodInvocation;)V+31
j  org.gradle.internal.dispatch.ReflectionDispatch.dispatch(Ljava/lang/Object;)V+9
j  org.gradle.internal.remote.internal.hub.MessageHubBackedObjectConnection$DispatchWrapper.dispatch(Lorg/gradle/internal/dispatch/MethodInvocation;)V+9
j  org.gradle.internal.remote.internal.hub.MessageHubBackedObjectConnection$DispatchWrapper.dispatch(Ljava/lang/Object;)V+9
j  org.gradle.internal.remote.internal.hub.MessageHub$Handler.run()V+245
j  org.gradle.internal.concurrent.ExecutorPolicy$CatchAndRecordFailures.onExecute(Ljava/lang/Runnable;)V+5
j  org.gradle.internal.concurrent.ManagedExecutorImpl$1.run()V+33
j  java.util.concurrent.ThreadPoolExecutor.runWorker(Ljava/util/concurrent/ThreadPoolExecutor$Worker;)V+95
j  java.util.concurrent.ThreadPoolExecutor$Worker.run()V+5
j  org.gradle.internal.concurrent.ThreadFactoryImpl$ManagedThreadRunnable.run()V+15
j  java.lang.Thread.run()V+11
v  ~StubRoutines::call_stub
V  [libjvm.so+0x67d8eb]
V  [libjvm.so+0x67afab]
V  [libjvm.so+0x67b597]
V  [libjvm.so+0x6c138b]
V  [libjvm.so+0xa48af3]
V  [libjvm.so+0xa48f22]
V  [libjvm.so+0x8e3b12]
C  [libpthread.so.0+0x76db]  start_thread+0xdb


---------------  P R O C E S S  ---------------

Java Threads: ( => current thread )
  0x00007f367ce03000 JavaThread "New I/O boss #30" [_thread_in_native, id=16375, stack(0x00007f36712d0000,0x00007f36713d1000)]
  0x00007f367cde4000 JavaThread "New I/O worker #29" daemon [_thread_in_native, id=16374, stack(0x00007f36713d1000,0x00007f36714d2000)]
  0x00007f367cdc5000 JavaThread "New I/O worker #28" daemon [_thread_in_native, id=16373, stack(0x00007f36714d2000,0x00007f36715d3000)]
  0x00007f367cda6800 JavaThread "New I/O worker #27" daemon [_thread_in_native, id=16372, stack(0x00007f36715d3000,0x00007f36716d4000)]
  0x00007f367cd88000 JavaThread "New I/O worker #26" daemon [_thread_in_native, id=16371, stack(0x00007f36716d4000,0x00007f36717d5000)]
  0x00007f367cd7a000 JavaThread "Hashed wheel timer #11" [_thread_blocked, id=16370, stack(0x00007f36717d5000,0x00007f36718d6000)]
  0x00007f367cd77800 JavaThread "New I/O boss #25" [_thread_in_native, id=16369, stack(0x00007f36718d6000,0x00007f36719d7000)]
  0x00007f367cd58800 JavaThread "New I/O worker #24" daemon [_thread_in_native, id=16368, stack(0x00007f36719d7000,0x00007f3671ad8000)]
  0x00007f367cd3a000 JavaThread "New I/O worker #23" daemon [_thread_in_native, id=16367, stack(0x00007f3671ad8000,0x00007f3671bd9000)]
  0x00007f367cd1b000 JavaThread "New I/O worker #22" daemon [_thread_in_native, id=16366, stack(0x00007f3671bd9000,0x00007f3671cda000)]
  0x00007f367ccfc800 JavaThread "New I/O worker #21" daemon [_thread_in_native, id=16365, stack(0x00007f3671cda000,0x00007f3671ddb000)]
  0x00007f367ccee800 JavaThread "Hashed wheel timer #9" [_thread_blocked, id=16364, stack(0x00007f3671ddb000,0x00007f3671edc000)]
  0x00007f367cceb800 JavaThread "New I/O boss #20" [_thread_in_native, id=16363, stack(0x00007f3671edc000,0x00007f3671fdd000)]
  0x00007f367cccd000 JavaThread "New I/O worker #19" daemon [_thread_in_native, id=16362, stack(0x00007f3671fdd000,0x00007f36720de000)]
  0x00007f367ccae000 JavaThread "New I/O worker #18" daemon [_thread_in_native, id=16361, stack(0x00007f36720de000,0x00007f36721df000)]
  0x00007f367cc8f800 JavaThread "New I/O worker #17" daemon [_thread_in_native, id=16360, stack(0x00007f36721df000,0x00007f36722e0000)]
  0x00007f367cc70800 JavaThread "New I/O worker #16" daemon [_thread_in_native, id=16359, stack(0x00007f36722e0000,0x00007f36723e1000)]
  0x00007f367cbd7800 JavaThread "Hashed wheel timer #7" [_thread_blocked, id=16358, stack(0x00007f36723e1000,0x00007f36724e2000)]
  0x00007f367cc60000 JavaThread "New I/O boss #15" [_thread_in_native, id=16357, stack(0x00007f36724e2000,0x00007f36725e3000)]
  0x00007f367cc41000 JavaThread "New I/O worker #14" daemon [_thread_in_native, id=16356, stack(0x00007f36725e3000,0x00007f36726e4000)]
  0x00007f367cc22800 JavaThread "New I/O worker #13" daemon [_thread_in_native, id=16355, stack(0x00007f36726e4000,0x00007f36727e5000)]
  0x00007f367cc04000 JavaThread "New I/O worker #12" daemon [_thread_in_native, id=16354, stack(0x00007f36727e5000,0x00007f36728e6000)]
  0x00007f367cbe6000 JavaThread "New I/O worker #11" daemon [_thread_in_native, id=16353, stack(0x00007f36728e6000,0x00007f36729e7000)]
  0x00007f367cbd8800 JavaThread "Hashed wheel timer #5" [_thread_blocked, id=16352, stack(0x00007f36729e7000,0x00007f3672ae8000)]
  0x00007f369c117000 JavaThread "epollEventLoopGroup-3-1" [_thread_in_native, id=16351, stack(0x00007f3672ce8000,0x00007f3672de9000)]
  0x00007f367ca7f800 JavaThread "epollEventLoopGroup-2-1" [_thread_in_native, id=16350, stack(0x00007f3673afb000,0x00007f3673bfc000)]
  0x00007f367c983800 JavaThread "New I/O boss #10" [_thread_in_native, id=16349, stack(0x00007f3673bfc000,0x00007f3673cfd000)]
  0x00007f367c965000 JavaThread "New I/O worker #9" daemon [_thread_in_native, id=16348, stack(0x00007f3673cfd000,0x00007f3673dfe000)]
  0x00007f367c946000 JavaThread "New I/O worker #8" daemon [_thread_in_native, id=16347, stack(0x00007f3673dfe000,0x00007f3673eff000)]
  0x00007f367c927800 JavaThread "New I/O worker #7" daemon [_thread_in_native, id=16346, stack(0x00007f3673eff000,0x00007f3674000000)]
  0x00007f367c909000 JavaThread "New I/O worker #6" daemon [_thread_in_native, id=16345, stack(0x00007f36a84f0000,0x00007f36a85f1000)]
  0x00007f367c8f7800 JavaThread "Hashed wheel timer #3" [_thread_blocked, id=16344, stack(0x00007f36a882e000,0x00007f36a892f000)]
  0x00007f367c6c5800 JavaThread "New I/O boss #5" [_thread_in_native, id=16342, stack(0x00007f36a892f000,0x00007f36a8a30000)]
  0x00007f367c6be800 JavaThread "New I/O worker #4" daemon [_thread_in_native, id=16341, stack(0x00007f36a8a30000,0x00007f36a8b31000)]
  0x00007f367c6bd800 JavaThread "New I/O worker #3" daemon [_thread_in_native, id=16340, stack(0x00007f36a8b31000,0x00007f36a8c32000)]
  0x00007f367c6c0800 JavaThread "New I/O worker #2" daemon [_thread_in_native, id=16339, stack(0x00007f36a8c32000,0x00007f36a8d33000)]
  0x00007f367c6c9000 JavaThread "New I/O worker #1" daemon [_thread_in_native, id=16338, stack(0x00007f36a8d33000,0x00007f36a8e34000)]
  0x00007f367c627000 JavaThread "Hashed wheel timer #1" [_thread_blocked, id=16337, stack(0x00007f36a8e34000,0x00007f36a8f35000)]
  0x00007f367c3e0000 JavaThread "AsyncAppender-Worker-AsyncConsoleAppender" daemon [_thread_blocked, id=16336, stack(0x00007f36a9735000,0x00007f36a9836000)]
  0x00007f36c0582000 JavaThread "/0:0:0:0:0:0:0:1:39766 to /0:0:0:0:0:0:0:1:39673 workers Thread 3" [_thread_in_native, id=16335, stack(0x00007f36aa236000,0x00007f36aa337000)]
  0x00007f36c057f000 JavaThread "/0:0:0:0:0:0:0:1:39766 to /0:0:0:0:0:0:0:1:39673 workers Thread 2" [_thread_blocked, id=16334, stack(0x00007f36aa337000,0x00007f36aa438000)]
=>0x00007f36c04f5000 JavaThread "Test worker" [_thread_in_Java, id=16333, stack(0x00007f36aa438000,0x00007f36aa539000)]
  0x00007f36c023a000 JavaThread "Service Thread" daemon [_thread_blocked, id=16327, stack(0x00007f36aa8fd000,0x00007f36aa9fe000)]
  0x00007f36c023c000 JavaThread "C1 CompilerThread1" daemon [_thread_blocked, id=16326, stack(0x00007f36aa9ff000,0x00007f36aaaff000)]
  0x00007f36c0267000 JavaThread "C2 CompilerThread0" daemon [_thread_blocked, id=16325, stack(0x00007f36aab00000,0x00007f36aac00000)]
  0x00007f36c01c7000 JavaThread "Signal Dispatcher" daemon [_thread_blocked, id=16324, stack(0x00007f36ab02b000,0x00007f36ab12c000)]
  0x00007f36c0109800 JavaThread "Finalizer" daemon [_thread_blocked, id=16323, stack(0x00007f36abafb000,0x00007f36abbfc000)]
  0x00007f36c0105000 JavaThread "Reference Handler" daemon [_thread_blocked, id=16322, stack(0x00007f36abbfc000,0x00007f36abcfd000)]
  0x00007f36c000c800 JavaThread "main" [_thread_blocked, id=16318, stack(0x00007f36ca49f000,0x00007f36ca59f000)]

Other Threads:
  0x00007f36c00fd000 VMThread [stack: 0x00007f36abcfe000,0x00007f36abdfe000] [id=16321]
  0x00007f36c02b9800 WatcherThread [stack: 0x00007f36aa7fd000,0x00007f36aa8fd000] [id=16328]

VM state:not at safepoint (normal execution)

VM Mutex/Monitor currently owned by a thread: None

Heap:
 PSYoungGen      total 323072K, used 38842K [0x00000000eb780000, 0x0000000100000000, 0x0000000100000000)
  eden space 314880K, 9% used [0x00000000eb780000,0x00000000ed56ebf8,0x00000000feb00000)
  from space 8192K, 100% used [0x00000000ff800000,0x0000000100000000,0x0000000100000000)
  to   space 10752K, 0% used [0x00000000feb00000,0x00000000feb00000,0x00000000ff580000)
 ParOldGen       total 47104K, used 17111K [0x00000000c2600000, 0x00000000c5400000, 0x00000000eb780000)
  object space 47104K, 36% used [0x00000000c2600000,0x00000000c36b5cd8,0x00000000c5400000)
 Metaspace       used 43664K, capacity 44828K, committed 44968K, reserved 1089536K
  class space    used 5021K, capacity 5431K, committed 5552K, reserved 1048576K

Card table byte_map: [0x00007f36c6643000,0x00007f36c6831000] byte_map_base: 0x00007f36c6030000

Marking Bits: (ParMarkBitMap*) 0x00007f36c9735140
 Begin Bits: [0x00007f36c4428000, 0x00007f36c5390000)
 End Bits:   [0x00007f36c5390000, 0x00007f36c62f8000)

Polling page: 0x00007f36ca5b6000

CodeCache: size=245760Kb used=13297Kb max_used=13578Kb free=232462Kb
 bounds [0x00007f36b1000000, 0x00007f36b1d50000, 0x00007f36c0000000]
 total_blobs=4912 nmethods=4163 adapters=664
 compilation: enabled

Compilation events (10 events):
Event: 8.799 Thread 0x00007f36c023c000 nmethod 4734 0x00007f36b17dd450 code [0x00007f36b17dd660, 0x00007f36b17ddf08]
Event: 8.799 Thread 0x00007f36c023c000 4740       3       java.lang.Class::forName (53 bytes)
Event: 8.799 Thread 0x00007f36c023c000 nmethod 4740 0x00007f36b127edd0 code [0x00007f36b127efa0, 0x00007f36b127f628]
Event: 8.799 Thread 0x00007f36c023c000 4743       3       com.google.common.collect.ObjectArrays::$jacocoInit (52 bytes)
Event: 8.799 Thread 0x00007f36c023c000 nmethod 4743 0x00007f36b13e6390 code [0x00007f36b13e6560, 0x00007f36b13e6dd8]
Event: 8.800 Thread 0x00007f36c023c000 4744       3       com.google.inject.internal.Annotations::findBindingAnnotation (133 bytes)
Event: 8.800 Thread 0x00007f36c023c000 nmethod 4744 0x00007f36b1bdff50 code [0x00007f36b1be01e0, 0x00007f36b1be12a8]
Event: 8.800 Thread 0x00007f36c023c000 4745       3       com.google.inject.internal.MoreTypes::equals (468 bytes)
Event: 8.801 Thread 0x00007f36c023c000 nmethod 4745 0x00007f36b1a6ee90 code [0x00007f36b1a6f300, 0x00007f36b1a71ff8]
Event: 8.801 Thread 0x00007f36c023c000 4747       3       com.google.inject.internal.ProviderMethodsModule$Signature::$jacocoInit (52 bytes)

GC Heap History (10 events):
Event: 5.483 GC heap before
{Heap before GC invocations=12 (full 1):
 PSYoungGen      total 207360K, used 200192K [0x00000000eb780000, 0x00000000f8900000, 0x0000000100000000)
  eden space 200192K, 100% used [0x00000000eb780000,0x00000000f7b00000,0x00000000f7b00000)
  from space 7168K, 0% used [0x00000000f8200000,0x00000000f8200000,0x00000000f8900000)
  to   space 7168K, 0% used [0x00000000f7b00000,0x00000000f7b00000,0x00000000f8200000)
 ParOldGen       total 34304K, used 10441K [0x00000000c2600000, 0x00000000c4780000, 0x00000000eb780000)
  object space 34304K, 30% used [0x00000000c2600000,0x00000000c3032500,0x00000000c4780000)
 Metaspace       used 27687K, capacity 28042K, committed 28336K, reserved 1075200K
  class space    used 3015K, capacity 3132K, committed 3248K, reserved 1048576K
Event: 5.501 GC heap after
Heap after GC invocations=12 (full 1):
 PSYoungGen      total 207360K, used 6200K [0x00000000eb780000, 0x00000000fd500000, 0x0000000100000000)
  eden space 200192K, 0% used [0x00000000eb780000,0x00000000eb780000,0x00000000f7b00000)
  from space 7168K, 86% used [0x00000000f7b00000,0x00000000f810e1c0,0x00000000f8200000)
  to   space 7680K, 0% used [0x00000000fcd80000,0x00000000fcd80000,0x00000000fd500000)
 ParOldGen       total 34304K, used 10449K [0x00000000c2600000, 0x00000000c4780000, 0x00000000eb780000)
  object space 34304K, 30% used [0x00000000c2600000,0x00000000c3034500,0x00000000c4780000)
 Metaspace       used 27687K, capacity 28042K, committed 28336K, reserved 1075200K
  class space    used 3015K, capacity 3132K, committed 3248K, reserved 1048576K
}
Event: 6.442 GC heap before
{Heap before GC invocations=13 (full 1):
 PSYoungGen      total 207360K, used 206392K [0x00000000eb780000, 0x00000000fd500000, 0x0000000100000000)
  eden space 200192K, 100% used [0x00000000eb780000,0x00000000f7b00000,0x00000000f7b00000)
  from space 7168K, 86% used [0x00000000f7b00000,0x00000000f810e1c0,0x00000000f8200000)
  to   space 7680K, 0% used [0x00000000fcd80000,0x00000000fcd80000,0x00000000fd500000)
 ParOldGen       total 34304K, used 10449K [0x00000000c2600000, 0x00000000c4780000, 0x00000000eb780000)
  object space 34304K, 30% used [0x00000000c2600000,0x00000000c3034500,0x00000000c4780000)
 Metaspace       used 33952K, capacity 34424K, committed 34736K, reserved 1079296K
  class space    used 3758K, capacity 3891K, committed 4016K, reserved 1048576K
Event: 6.463 GC heap after
Heap after GC invocations=13 (full 1):
 PSYoungGen      total 280064K, used 5453K [0x00000000eb780000, 0x00000000fd300000, 0x0000000100000000)
  eden space 274432K, 0% used [0x00000000eb780000,0x00000000eb780000,0x00000000fc380000)
  from space 5632K, 96% used [0x00000000fcd80000,0x00000000fd2d3570,0x00000000fd300000)
  to   space 7680K, 0% used [0x00000000fc400000,0x00000000fc400000,0x00000000fcb80000)
 ParOldGen       total 34304K, used 12043K [0x00000000c2600000, 0x00000000c4780000, 0x00000000eb780000)
  object space 34304K, 35% used [0x00000000c2600000,0x00000000c31c2e38,0x00000000c4780000)
 Metaspace       used 33952K, capacity 34424K, committed 34736K, reserved 1079296K
  class space    used 3758K, capacity 3891K, committed 4016K, reserved 1048576K
}
Event: 6.669 GC heap before
{Heap before GC invocations=14 (full 1):
 PSYoungGen      total 280064K, used 39030K [0x00000000eb780000, 0x00000000fd300000, 0x0000000100000000)
  eden space 274432K, 12% used [0x00000000eb780000,0x00000000ed84a5e0,0x00000000fc380000)
  from space 5632K, 96% used [0x00000000fcd80000,0x00000000fd2d3570,0x00000000fd300000)
  to   space 7680K, 0% used [0x00000000fc400000,0x00000000fc400000,0x00000000fcb80000)
 ParOldGen       total 34304K, used 12043K [0x00000000c2600000, 0x00000000c4780000, 0x00000000eb780000)
  object space 34304K, 35% used [0x00000000c2600000,0x00000000c31c2e38,0x00000000c4780000)
 Metaspace       used 34849K, capacity 35238K, committed 35496K, reserved 1081344K
  class space    used 3883K, capacity 3990K, committed 4016K, reserved 1048576K
Event: 6.677 GC heap after
Heap after GC invocations=14 (full 1):
 PSYoungGen      total 282624K, used 1077K [0x00000000eb780000, 0x0000000100000000, 0x0000000100000000)
  eden space 274944K, 0% used [0x00000000eb780000,0x00000000eb780000,0x00000000fc400000)
  from space 7680K, 14% used [0x00000000fc400000,0x00000000fc50d6b0,0x00000000fcb80000)
  to   space 8192K, 0% used [0x00000000ff800000,0x00000000ff800000,0x0000000100000000)
 ParOldGen       total 34304K, used 13111K [0x00000000c2600000, 0x00000000c4780000, 0x00000000eb780000)
  object space 34304K, 38% used [0x00000000c2600000,0x00000000c32cde98,0x00000000c4780000)
 Metaspace       used 34849K, capacity 35238K, committed 35496K, reserved 1081344K
  class space    used 3883K, capacity 3990K, committed 4016K, reserved 1048576K
}
Event: 6.677 GC heap before
{Heap before GC invocations=15 (full 2):
 PSYoungGen      total 282624K, used 1077K [0x00000000eb780000, 0x0000000100000000, 0x0000000100000000)
  eden space 274944K, 0% used [0x00000000eb780000,0x00000000eb780000,0x00000000fc400000)
  from space 7680K, 14% used [0x00000000fc400000,0x00000000fc50d6b0,0x00000000fcb80000)
  to   space 8192K, 0% used [0x00000000ff800000,0x00000000ff800000,0x0000000100000000)
 ParOldGen       total 34304K, used 13111K [0x00000000c2600000, 0x00000000c4780000, 0x00000000eb780000)
  object space 34304K, 38% used [0x00000000c2600000,0x00000000c32cde98,0x00000000c4780000)
 Metaspace       used 34849K, capacity 35238K, committed 35496K, reserved 1081344K
  class space    used 3883K, capacity 3990K, committed 4016K, reserved 1048576K
Event: 6.795 GC heap after
Heap after GC invocations=15 (full 2):
 PSYoungGen      total 282624K, used 0K [0x00000000eb780000, 0x0000000100000000, 0x0000000100000000)
  eden space 274944K, 0% used [0x00000000eb780000,0x00000000eb780000,0x00000000fc400000)
  from space 7680K, 0% used [0x00000000fc400000,0x00000000fc400000,0x00000000fcb80000)
  to   space 8192K, 0% used [0x00000000ff800000,0x00000000ff800000,0x0000000100000000)
 ParOldGen       total 47104K, used 12364K [0x00000000c2600000, 0x00000000c5400000, 0x00000000eb780000)
  object space 47104K, 26% used [0x00000000c2600000,0x00000000c32132c0,0x00000000c5400000)
 Metaspace       used 34849K, capacity 35238K, committed 35496K, reserved 1081344K
  class space    used 3883K, capacity 3990K, committed 4016K, reserved 1048576K
}
Event: 8.447 GC heap before
{Heap before GC invocations=16 (full 2):
 PSYoungGen      total 282624K, used 274944K [0x00000000eb780000, 0x0000000100000000, 0x0000000100000000)
  eden space 274944K, 100% used [0x00000000eb780000,0x00000000fc400000,0x00000000fc400000)
  from space 7680K, 0% used [0x00000000fc400000,0x00000000fc400000,0x00000000fcb80000)
  to   space 8192K, 0% used [0x00000000ff800000,0x00000000ff800000,0x0000000100000000)
 ParOldGen       total 47104K, used 12364K [0x00000000c2600000, 0x00000000c5400000, 0x00000000eb780000)
  object space 47104K, 26% used [0x00000000c2600000,0x00000000c32132c0,0x00000000c5400000)
 Metaspace       used 43401K, capacity 44548K, committed 44712K, reserved 1089536K
  class space    used 5019K, capacity 5429K, committed 5552K, reserved 1048576K
Event: 8.474 GC heap after
Heap after GC invocations=16 (full 2):
 PSYoungGen      total 323072K, used 8192K [0x00000000eb780000, 0x0000000100000000, 0x0000000100000000)
  eden space 314880K, 0% used [0x00000000eb780000,0x00000000eb780000,0x00000000feb00000)
  from space 8192K, 100% used [0x00000000ff800000,0x0000000100000000,0x0000000100000000)
  to   space 10752K, 0% used [0x00000000feb00000,0x00000000feb00000,0x00000000ff580000)
 ParOldGen       total 47104K, used 17111K [0x00000000c2600000, 0x00000000c5400000, 0x00000000eb780000)
  object space 47104K, 36% used [0x00000000c2600000,0x00000000c36b5cd8,0x00000000c5400000)
 Metaspace       used 43401K, capacity 44548K, committed 44712K, reserved 1089536K
  class space    used 5019K, capacity 5429K, committed 5552K, reserved 1048576K
}

Deoptimization events (10 events):
Event: 8.020 Thread 0x00007f369c117000 Uncommon trap: reason=unstable_if action=reinterpret pc=0x00007f36b1214e64 method=org.jacoco.agent.rt.internal_290345e.asm.ClassReader.readConst(I[C)Ljava/lang/Object; @ 189
Event: 8.023 Thread 0x00007f369c117000 Uncommon trap: reason=bimorphic action=maybe_recompile pc=0x00007f36b140f764 method=org.jacoco.agent.rt.internal_290345e.asm.MethodVisitor.visitFrame(II[Ljava/lang/Object;I[Ljava/lang/Object;)V @ 18
Event: 8.368 Thread 0x00007f36c04f5000 Uncommon trap: reason=unstable_if action=reinterpret pc=0x00007f36b18cc02c method=sun.misc.URLClassPath$FileLoader.getResource(Ljava/lang/String;Z)Lsun/misc/Resource; @ 139
Event: 8.428 Thread 0x00007f36c04f5000 Uncommon trap: reason=class_check action=maybe_recompile pc=0x00007f36b1c42fb0 method=java.lang.reflect.Executable.declaredAnnotations()Ljava/util/Map; @ 8
Event: 8.490 Thread 0x00007f369c117000 Uncommon trap: reason=bimorphic action=maybe_recompile pc=0x00007f36b1a1afc4 method=java.util.regex.Pattern$Curly.match0(Ljava/util/regex/Matcher;IILjava/lang/CharSequence;)Z @ 77
Event: 8.490 Thread 0x00007f369c117000 Uncommon trap: reason=bimorphic action=maybe_recompile pc=0x00007f36b1a1afc4 method=java.util.regex.Pattern$Curly.match0(Ljava/util/regex/Matcher;IILjava/lang/CharSequence;)Z @ 77
Event: 8.535 Thread 0x00007f36c04f5000 Uncommon trap: reason=class_check action=maybe_recompile pc=0x00007f36b1c42fb0 method=java.lang.reflect.Executable.declaredAnnotations()Ljava/util/Map; @ 8
Event: 8.536 Thread 0x00007f36c04f5000 Uncommon trap: reason=class_check action=maybe_recompile pc=0x00007f36b1c42fb0 method=java.lang.reflect.Executable.declaredAnnotations()Ljava/util/Map; @ 8
Event: 8.536 Thread 0x00007f36c04f5000 Uncommon trap: reason=class_check action=maybe_recompile pc=0x00007f36b1c42fb0 method=java.lang.reflect.Executable.declaredAnnotations()Ljava/util/Map; @ 8
Event: 8.595 Thread 0x00007f36c04f5000 Uncommon trap: reason=unstable_if action=reinterpret pc=0x00007f36b1282db8 method=java.lang.reflect.Modifier.isSynthetic(I)Z @ 5

Classes redefined (0 events):
No events

Internal exceptions (10 events):
Event: 8.331 Thread 0x00007f36c04f5000 Exception <a 'java/lang/ClassNotFoundException': io/restassured/internal/path/json/JsonPrettifierBeanInfo> (0x00000000fb4ae430) thrown at [/build/openjdk-8-TuolsG/openjdk-8-8u171-b11/src/hotspot/src/share/vm/classfile/systemDictionary.cpp, line 210]
Event: 8.331 Thread 0x00007f36c04f5000 Exception <a 'java/lang/ClassNotFoundException': io/restassured/internal/path/json/JsonPrettifierCustomizer> (0x00000000fb4cf378) thrown at [/build/openjdk-8-TuolsG/openjdk-8-8u171-b11/src/hotspot/src/share/vm/classfile/systemDictionary.cpp, line 210]
Event: 8.343 Thread 0x00007f36c04f5000 Exception <a 'java/lang/ClassNotFoundException': groovy/json/JsonOutputBeanInfo> (0x00000000fb72d490) thrown at [/build/openjdk-8-TuolsG/openjdk-8-8u171-b11/src/hotspot/src/share/vm/classfile/systemDictionary.cpp, line 210]
Event: 8.343 Thread 0x00007f36c04f5000 Exception <a 'java/lang/ClassNotFoundException': groovy/json/JsonOutputCustomizer> (0x00000000fb746cc0) thrown at [/build/openjdk-8-TuolsG/openjdk-8-8u171-b11/src/hotspot/src/share/vm/classfile/systemDictionary.cpp, line 210]
Event: 8.353 Thread 0x00007f36c04f5000 Exception <a 'java/lang/ClassNotFoundException': org/apache/commons/lang3/text/translate/UnicodeUnescaperBeanInfo> (0x00000000fb8b1880) thrown at [/build/openjdk-8-TuolsG/openjdk-8-8u171-b11/src/hotspot/src/share/vm/classfile/systemDictionary.cpp, line 21
Event: 8.354 Thread 0x00007f36c04f5000 Exception <a 'java/lang/ClassNotFoundException': org/apache/commons/lang3/text/translate/CharSequenceTranslatorBeanInfo> (0x00000000fb8d67b8) thrown at [/build/openjdk-8-TuolsG/openjdk-8-8u171-b11/src/hotspot/src/share/vm/classfile/systemDictionary.cpp, l
Event: 8.354 Thread 0x00007f36c04f5000 Exception <a 'java/lang/ClassNotFoundException': org/apache/commons/lang3/text/translate/CharSequenceTranslatorCustomizer> (0x00000000fb8fc2d8) thrown at [/build/openjdk-8-TuolsG/openjdk-8-8u171-b11/src/hotspot/src/share/vm/classfile/systemDictionary.cpp,
Event: 8.355 Thread 0x00007f36c04f5000 Exception <a 'java/lang/ClassNotFoundException': org/apache/commons/lang3/text/translate/UnicodeUnescaperCustomizer> (0x00000000fb924730) thrown at [/build/openjdk-8-TuolsG/openjdk-8-8u171-b11/src/hotspot/src/share/vm/classfile/systemDictionary.cpp, line 
Event: 8.489 Thread 0x00007f369c117000 Implicit null exception at 0x00007f36b12aabd0 to 0x00007f36b12ab3e6
Event: 8.489 Thread 0x00007f369c117000 Exception <a 'java/lang/NullPointerException'> (0x00000000ebeba170) thrown at [/build/openjdk-8-TuolsG/openjdk-8-8u171-b11/src/hotspot/src/share/vm/runtime/sharedRuntime.cpp, line 605]

Events (10 events):
Event: 8.784 Thread 0x00007f36c023c000 flushing nmethod 0x00007f36b1a6ead0
Event: 8.785 Thread 0x00007f36c0267000 flushing nmethod 0x00007f36b1abfb10
Event: 8.785 Thread 0x00007f36c023c000 flushing nmethod 0x00007f36b1ba1b50
Event: 8.785 Thread 0x00007f36c023c000 flushing nmethod 0x00007f36b1ba3d50
Event: 8.785 Thread 0x00007f36c023c000 flushing nmethod 0x00007f36b1ba5010
Event: 8.785 Thread 0x00007f36c023c000 flushing nmethod 0x00007f36b1bc2010
Event: 8.785 Thread 0x00007f36c023c000 flushing nmethod 0x00007f36b1bc3350
Event: 8.785 Thread 0x00007f36c023c000 flushing nmethod 0x00007f36b1bc3a50
Event: 8.785 Thread 0x00007f36c023c000 flushing nmethod 0x00007f36b1bdfe50
Event: 8.785 Thread 0x00007f36c023c000 flushing nmethod 0x00007f36b1be3250


Dynamic libraries:
c2600000-c5400000 rw-p 00000000 00:00 0 
c5400000-eb780000 ---p 00000000 00:00 0 
eb780000-100000000 rw-p 00000000 00:00 0 
100000000-10056c000 rw-p 00000000 00:00 0 
10056c000-140000000 ---p 00000000 00:00 0 
5574739b5000-5574739b6000 r-xp 00000000 08:01 15601324                   /usr/lib/jvm/java-8-openjdk-amd64/jre/bin/java
557473bb5000-557473bb6000 r--p 00000000 08:01 15601324                   /usr/lib/jvm/java-8-openjdk-amd64/jre/bin/java
557473bb6000-557473bb7000 rw-p 00001000 08:01 15601324                   /usr/lib/jvm/java-8-openjdk-amd64/jre/bin/java
557473cfd000-557473d63000 rw-p 00000000 00:00 0                          [heap]
7f36712d0000-7f36712d3000 ---p 00000000 00:00 0 
7f36712d3000-7f36713d1000 rw-p 00000000 00:00 0 
7f36713d1000-7f36713d4000 ---p 00000000 00:00 0 
7f36713d4000-7f36714d2000 rw-p 00000000 00:00 0 
7f36714d2000-7f36714d5000 ---p 00000000 00:00 0 
7f36714d5000-7f36715d3000 rw-p 00000000 00:00 0 
7f36715d3000-7f36715d6000 ---p 00000000 00:00 0 
7f36715d6000-7f36716d4000 rw-p 00000000 00:00 0 
7f36716d4000-7f36716d7000 ---p 00000000 00:00 0 
7f36716d7000-7f36717d5000 rw-p 00000000 00:00 0 
7f36717d5000-7f36717d8000 ---p 00000000 00:00 0 
7f36717d8000-7f36718d6000 rw-p 00000000 00:00 0 
7f36718d6000-7f36718d9000 ---p 00000000 00:00 0 
7f36718d9000-7f36719d7000 rw-p 00000000 00:00 0 
7f36719d7000-7f36719da000 ---p 00000000 00:00 0 
7f36719da000-7f3671ad8000 rw-p 00000000 00:00 0 
7f3671ad8000-7f3671adb000 ---p 00000000 00:00 0 
7f3671adb000-7f3671bd9000 rw-p 00000000 00:00 0 
7f3671bd9000-7f3671bdc000 ---p 00000000 00:00 0 
7f3671bdc000-7f3671cda000 rw-p 00000000 00:00 0 
7f3671cda000-7f3671cdd000 ---p 00000000 00:00 0 
7f3671cdd000-7f3671ddb000 rw-p 00000000 00:00 0 
7f3671ddb000-7f3671dde000 ---p 00000000 00:00 0 
7f3671dde000-7f3671edc000 rw-p 00000000 00:00 0 
7f3671edc000-7f3671edf000 ---p 00000000 00:00 0 
7f3671edf000-7f3671fdd000 rw-p 00000000 00:00 0 
7f3671fdd000-7f3671fe0000 ---p 00000000 00:00 0 
7f3671fe0000-7f36720de000 rw-p 00000000 00:00 0 
7f36720de000-7f36720e1000 ---p 00000000 00:00 0 
7f36720e1000-7f36721df000 rw-p 00000000 00:00 0 
7f36721df000-7f36721e2000 ---p 00000000 00:00 0 
7f36721e2000-7f36722e0000 rw-p 00000000 00:00 0 
7f36722e0000-7f36722e3000 ---p 00000000 00:00 0 
7f36722e3000-7f36723e1000 rw-p 00000000 00:00 0 
7f36723e1000-7f36723e4000 ---p 00000000 00:00 0 
7f36723e4000-7f36724e2000 rw-p 00000000 00:00 0 
7f36724e2000-7f36724e5000 ---p 00000000 00:00 0 
7f36724e5000-7f36725e3000 rw-p 00000000 00:00 0 
7f36725e3000-7f36725e6000 ---p 00000000 00:00 0 
7f36725e6000-7f36726e4000 rw-p 00000000 00:00 0 
7f36726e4000-7f36726e7000 ---p 00000000 00:00 0 
7f36726e7000-7f36727e5000 rw-p 00000000 00:00 0 
7f36727e5000-7f36727e8000 ---p 00000000 00:00 0 
7f36727e8000-7f36728e6000 rw-p 00000000 00:00 0 
7f36728e6000-7f36728e9000 ---p 00000000 00:00 0 
7f36728e9000-7f36729e7000 rw-p 00000000 00:00 0 
7f36729e7000-7f36729ea000 ---p 00000000 00:00 0 
7f36729ea000-7f3672b68000 rw-p 00000000 00:00 0 
7f3672b68000-7f3672ce8000 ---p 00000000 00:00 0 
7f3672ce8000-7f3672ceb000 ---p 00000000 00:00 0 
7f3672ceb000-7f3672fe9000 rw-p 00000000 00:00 0 
7f3672fe9000-7f3673011000 r-xp 00000000 08:01 15601367                   /usr/lib/jvm/java-8-openjdk-amd64/jre/lib/amd64/libsunec.so
7f3673011000-7f3673210000 ---p 00028000 08:01 15601367                   /usr/lib/jvm/java-8-openjdk-amd64/jre/lib/amd64/libsunec.so
7f3673210000-7f3673214000 r--p 00027000 08:01 15601367                   /usr/lib/jvm/java-8-openjdk-amd64/jre/lib/amd64/libsunec.so
7f3673214000-7f3673215000 rw-p 0002b000 08:01 15601367                   /usr/lib/jvm/java-8-openjdk-amd64/jre/lib/amd64/libsunec.so
7f3673215000-7f3673415000 rw-p 00000000 00:00 0 
7f3673415000-7f3673615000 rw-p 00000000 00:00 0 
7f3673615000-7f3673813000 rw-p 00000000 00:00 0 
7f3673813000-7f3673815000 ---p 00000000 00:00 0 
7f3673815000-7f3673821000 r-xp 00000000 08:01 1707948                    /tmp/libnetty_transport_native_epoll_x86_647009836432525801903.so (deleted)
7f3673821000-7f3673a21000 ---p 0000c000 08:01 1707948                    /tmp/libnetty_transport_native_epoll_x86_647009836432525801903.so (deleted)
7f3673a21000-7f3673a22000 rw-p 0000c000 08:01 1707948                    /tmp/libnetty_transport_native_epoll_x86_647009836432525801903.so (deleted)
7f3673afb000-7f3673afe000 ---p 00000000 00:00 0 
7f3673afe000-7f3673bfc000 rw-p 00000000 00:00 0 
7f3673bfc000-7f3673bff000 ---p 00000000 00:00 0 
7f3673bff000-7f3673cfd000 rw-p 00000000 00:00 0 
7f3673cfd000-7f3673d00000 ---p 00000000 00:00 0 
7f3673d00000-7f3673dfe000 rw-p 00000000 00:00 0 
7f3673dfe000-7f3673e01000 ---p 00000000 00:00 0 
7f3673e01000-7f3673eff000 rw-p 00000000 00:00 0 
7f3673eff000-7f3673f02000 ---p 00000000 00:00 0 
7f3673f02000-7f3674000000 rw-p 00000000 00:00 0 
7f3674000000-7f36740e3000 rw-p 00000000 00:00 0 
7f36740e3000-7f3678000000 ---p 00000000 00:00 0 
7f3678000000-7f3678021000 rw-p 00000000 00:00 0 
7f3678021000-7f367c000000 ---p 00000000 00:00 0 
7f367c000000-7f367ce19000 rw-p 00000000 00:00 0 
7f367ce19000-7f3680000000 ---p 00000000 00:00 0 
7f3680000000-7f3680021000 rw-p 00000000 00:00 0 
7f3680021000-7f3684000000 ---p 00000000 00:00 0 
7f3684000000-7f3684021000 rw-p 00000000 00:00 0 
7f3684021000-7f3688000000 ---p 00000000 00:00 0 
7f3688000000-7f3688021000 rw-p 00000000 00:00 0 
7f3688021000-7f368c000000 ---p 00000000 00:00 0 
7f368c000000-7f368d15a000 rw-p 00000000 00:00 0 
7f368d15a000-7f3690000000 ---p 00000000 00:00 0 
7f3690000000-7f3690b8b000 rw-p 00000000 00:00 0 
7f3690b8b000-7f3694000000 ---p 00000000 00:00 0 
7f3694000000-7f3694021000 rw-p 00000000 00:00 0 
7f3694021000-7f3698000000 ---p 00000000 00:00 0 
7f3698000000-7f3698021000 rw-p 00000000 00:00 0 
7f3698021000-7f369c000000 ---p 00000000 00:00 0 
7f369c000000-7f369c122000 rw-p 00000000 00:00 0 
7f369c122000-7f36a0000000 ---p 00000000 00:00 0 
7f36a0000000-7f36a0021000 rw-p 00000000 00:00 0 
7f36a0021000-7f36a4000000 ---p 00000000 00:00 0 
7f36a4000000-7f36a4073000 rw-p 00000000 00:00 0 
7f36a4073000-7f36a8000000 ---p 00000000 00:00 0 
7f36a80b4000-7f36a82b4000 rw-p 00000000 00:00 0 
7f36a82b4000-7f36a84b4000 rw-p 00000000 00:00 0 
7f36a84f0000-7f36a84f3000 ---p 00000000 00:00 0 
7f36a84f3000-7f36a85f1000 rw-p 00000000 00:00 0 
7f36a85f1000-7f36a85fa000 r-xp 00000000 08:01 15601360                   /usr/lib/jvm/java-8-openjdk-amd64/jre/lib/amd64/libmanagement.so
7f36a85fa000-7f36a87f9000 ---p 00009000 08:01 15601360                   /usr/lib/jvm/java-8-openjdk-amd64/jre/lib/amd64/libmanagement.so
7f36a87f9000-7f36a87fa000 r--p 00008000 08:01 15601360                   /usr/lib/jvm/java-8-openjdk-amd64/jre/lib/amd64/libmanagement.so
7f36a87fa000-7f36a87fb000 rw-p 00009000 08:01 15601360                   /usr/lib/jvm/java-8-openjdk-amd64/jre/lib/amd64/libmanagement.so
7f36a882e000-7f36a8831000 ---p 00000000 00:00 0 
7f36a8831000-7f36a892f000 rw-p 00000000 00:00 0 
7f36a892f000-7f36a8932000 ---p 00000000 00:00 0 
7f36a8932000-7f36a8a30000 rw-p 00000000 00:00 0 
7f36a8a30000-7f36a8a33000 ---p 00000000 00:00 0 
7f36a8a33000-7f36a8b31000 rw-p 00000000 00:00 0 
7f36a8b31000-7f36a8b34000 ---p 00000000 00:00 0 
7f36a8b34000-7f36a8c32000 rw-p 00000000 00:00 0 
7f36a8c32000-7f36a8c35000 ---p 00000000 00:00 0 
7f36a8c35000-7f36a8d33000 rw-p 00000000 00:00 0 
7f36a8d33000-7f36a8d36000 ---p 00000000 00:00 0 
7f36a8d36000-7f36a8e34000 rw-p 00000000 00:00 0 
7f36a8e34000-7f36a8e37000 ---p 00000000 00:00 0 
7f36a8e37000-7f36a9135000 rw-p 00000000 00:00 0 
7f36a9135000-7f36a9335000 rw-p 00000000 00:00 0 
7f36a9335000-7f36a9535000 rw-p 00000000 00:00 0 
7f36a9535000-7f36a9735000 rw-p 00000000 00:00 0 
7f36a9735000-7f36a9738000 ---p 00000000 00:00 0 
7f36a9738000-7f36a9a36000 rw-p 00000000 00:00 0 
7f36a9a36000-7f36a9c36000 rw-p 00000000 00:00 0 
7f36a9c36000-7f36a9e36000 rw-p 00000000 00:00 0 
7f36a9e36000-7f36aa036000 rw-p 00000000 00:00 0 
7f36aa036000-7f36aa236000 rw-p 00000000 00:00 0 
7f36aa236000-7f36aa239000 ---p 00000000 00:00 0 
7f36aa239000-7f36aa337000 rw-p 00000000 00:00 0 
7f36aa337000-7f36aa33a000 ---p 00000000 00:00 0 
7f36aa33a000-7f36aa438000 rw-p 00000000 00:00 0 
7f36aa438000-7f36aa43b000 ---p 00000000 00:00 0 
7f36aa43b000-7f36aa539000 rw-p 00000000 00:00 0 
7f36aa539000-7f36aa53e000 r--s 0009d000 08:01 15601387                   /usr/lib/jvm/java-8-openjdk-amd64/jre/lib/jsse.jar
7f36aa5be000-7f36aa5c0000 r--s 00016000 08:01 15601385                   /usr/lib/jvm/java-8-openjdk-amd64/jre/lib/jce.jar
7f36aa5c0000-7f36aa5c8000 r--s 00045000 08:01 12194249                   /home/alex/.gradle/wrapper/dists/gradle-4.5.1-bin/a5vbgfvpwtoqz8v2cdivxz28k/gradle-4.5.1/lib/plugins/junit-4.12.jar
7f36aa5c8000-7f36aa5cd000 r--s 00041000 08:01 12194144                   /home/alex/.gradle/wrapper/dists/gradle-4.5.1-bin/a5vbgfvpwtoqz8v2cdivxz28k/gradle-4.5.1/lib/commons-lang-2.6.jar
7f36aa5cd000-7f36aa5d1000 r--s 00026000 08:01 12194133                   /home/alex/.gradle/wrapper/dists/gradle-4.5.1-bin/a5vbgfvpwtoqz8v2cdivxz28k/gradle-4.5.1/lib/kryo-2.20.jar
7f36aa5d1000-7f36aa5d5000 r--s 00012000 08:01 12194150                   /home/alex/.gradle/wrapper/dists/gradle-4.5.1-bin/a5vbgfvpwtoqz8v2cdivxz28k/gradle-4.5.1/lib/native-platform-0.14.jar
7f36aa5d5000-7f36aa5d7000 r--s 00000000 08:01 12194137                   /home/alex/.gradle/wrapper/dists/gradle-4.5.1-bin/a5vbgfvpwtoqz8v2cdivxz28k/gradle-4.5.1/lib/jul-to-slf4j-1.7.10.jar
7f36aa5d7000-7f36aa5d8000 r--s 00007000 08:01 12194140                   /home/alex/.gradle/wrapper/dists/gradle-4.5.1-bin/a5vbgfvpwtoqz8v2cdivxz28k/gradle-4.5.1/lib/slf4j-api-1.7.10.jar
7f36aa5d8000-7f36aa5da000 r--s 00006000 08:01 12194120                   /home/alex/.gradle/wrapper/dists/gradle-4.5.1-bin/a5vbgfvpwtoqz8v2cdivxz28k/gradle-4.5.1/lib/gradle-process-services-4.5.1.jar
7f36aa5da000-7f36aa5de000 r--s 00019000 08:01 12194199                   /home/alex/.gradle/wrapper/dists/gradle-4.5.1-bin/a5vbgfvpwtoqz8v2cdivxz28k/gradle-4.5.1/lib/plugins/gradle-testing-jvm-4.5.1.jar
7f36aa5de000-7f36aa5e6000 r--s 00030000 08:01 12194205                   /home/alex/.gradle/wrapper/dists/gradle-4.5.1-bin/a5vbgfvpwtoqz8v2cdivxz28k/gradle-4.5.1/lib/plugins/gradle-testing-base-4.5.1.jar
7f36aa5e6000-7f36aa5e9000 r--s 0000c000 08:01 12194123                   /home/alex/.gradle/wrapper/dists/gradle-4.5.1-bin/a5vbgfvpwtoqz8v2cdivxz28k/gradle-4.5.1/lib/gradle-native-4.5.1.jar
7f36aa5e9000-7f36aa5eb000 r--s 00005000 08:01 12194130                   /home/alex/.gradle/wrapper/dists/gradle-4.5.1-bin/a5vbgfvpwtoqz8v2cdivxz28k/gradle-4.5.1/lib/gradle-cli-4.5.1.jar
7f36aa5eb000-7f36aa5f7000 r--s 00059000 08:01 12194128                   /home/alex/.gradle/wrapper/dists/gradle-4.5.1-bin/a5vbgfvpwtoqz8v2cdivxz28k/gradle-4.5.1/lib/gradle-base-services-4.5.1.jar
7f36aa5f7000-7f36aa5fd000 r--s 0002b000 08:01 12194127                   /home/alex/.gradle/wrapper/dists/gradle-4.5.1-bin/a5vbgfvpwtoqz8v2cdivxz28k/gradle-4.5.1/lib/gradle-messaging-4.5.1.jar
7f36aa5fd000-7f36aa604000 r--s 00030000 08:01 12194119                   /home/alex/.gradle/wrapper/dists/gradle-4.5.1-bin/a5vbgfvpwtoqz8v2cdivxz28k/gradle-4.5.1/lib/gradle-logging-4.5.1.jar
7f36aa604000-7f36aa641000 r--s 00211000 08:01 12194115                   /home/alex/.gradle/wrapper/dists/gradle-4.5.1-bin/a5vbgfvpwtoqz8v2cdivxz28k/gradle-4.5.1/lib/gradle-core-4.5.1.jar
7f36aa641000-7f36aa64d000 r--s 00034000 08:01 12194117                   /home/alex/.gradle/wrapper/dists/gradle-4.5.1-bin/a5vbgfvpwtoqz8v2cdivxz28k/gradle-4.5.1/lib/gradle-core-api-4.5.1.jar
7f36aa64d000-7f36aa651000 r--s 00016000 08:01 1707873                    /home/alex/.gradle/caches/modules-2/files-2.1/javax.xml.bind/jaxb-api/2.2.12/4c83805595b15acf41d71d49e3add7c0e85baaed/jaxb-api-2.2.12.jar
7f36aa651000-7f36aa658000 r--s 00064000 08:01 1706060                    /home/alex/.gradle/caches/modules-2/files-2.1/org.apache.commons/commons-lang3/3.4/5fe28b9518e58819180a43a850fbc0dd24b7c050/commons-lang3-3.4.jar
7f36aa658000-7f36aa65f000 r--s 0003a000 08:01 1707864                    /home/alex/.gradle/caches/modules-2/files-2.1/commons-codec/commons-codec/1.9/9ce04e34240f674bc72680f8b843b1457383161a/commons-codec-1.9.jar
7f36aa65f000-7f36aa667000 r--s 00048000 08:01 1707875                    /home/alex/.gradle/caches/modules-2/files-2.1/org.apache.httpcomponents/httpcore/4.4.6/e3fd8ced1f52c7574af952e2e6da0df8df08eb82/httpcore-4.4.6.jar
7f36aa667000-7f36aa680000 r--s 0012c000 08:01 1706253                    /home/alex/.gradle/caches/modules-2/files-2.1/io.netty/netty/3.10.5.Final/9ca7d55d246092bddd29b867706e2f6c7db701a0/netty-3.10.5.Final.jar
7f36aa680000-7f36aa6af000 r--s 00226000 08:01 1707861                    /home/alex/.gradle/caches/modules-2/files-2.1/com.google.guava/guava/20.0/89507701249388e1ed5ddcf8c41f4ce1be7831ef/guava-20.0.jar
7f36aa6af000-7f36aa6b1000 r--s 00000000 08:01 1706243                    /home/alex/.gradle/caches/modules-2/files-2.1/aopalliance/aopalliance/1.0/235ba8b489512805ac13a8f9ea77a1ca5ebe3e8/aopalliance-1.0.jar
7f36aa6b1000-7f36aa6ba000 r--s 00059000 08:01 1706250                    /home/alex/.gradle/caches/modules-2/files-2.1/io.netty/netty-common/4.0.52.Final/acd43b4ce250944a9562e4fa6e7ae41a4325d3fc/netty-common-4.0.52.Final.jar
7f36aa6ba000-7f36aa6be000 r--s 00036000 08:01 1706229                    /home/alex/.gradle/caches/modules-2/files-2.1/io.netty/netty-buffer/4.0.52.Final/b795889f04c789d50a477baf9f476cf503d71713/netty-buffer-4.0.52.Final.jar
7f36aa6be000-7f36aa6c6000 r--s 00057000 08:01 1706219                    /home/alex/.gradle/caches/modules-2/files-2.1/io.netty/netty-transport/4.0.52.Final/6ec0fdc5b2897e582b8b83ff3705692af92b4991/netty-transport-4.0.52.Final.jar
7f36aa6c6000-7f36aa6c7000 r--s 00001000 08:01 1706200                    /home/alex/.gradle/caches/modules-2/files-2.1/com.nike.internal/nike-internal-util/0.9.0.1/97705c452de442babe20e7add1fe4af630641f03/nike-internal-util-0.9.0.1.jar
7f36aa6c7000-7f36aa6c9000 r--s 00015000 08:01 1707872                    /home/alex/.gradle/caches/modules-2/files-2.1/org.ccil.cowan.tagsoup/tagsoup/1.2.1/5584627487e984c03456266d3f8802eb85a9ce97/tagsoup-1.2.1.jar
7f36aa6c9000-7f36aa6d6000 r--s 000aa000 08:01 1707863                    /home/alex/.gradle/caches/modules-2/files-2.1/org.apache.httpcomponents/httpclient/4.5.3/d1577ae15f01ef5438c5afc62162457c00a34713/httpclient-4.5.3.jar
7f36aa6d6000-7f36aa6d7000 r--s 00009000 08:01 1707862                    /home/alex/.gradle/caches/modules-2/files-2.1/org.apache.httpcomponents/httpmime/4.5.1/96823b9421ebb9f490dec837d9f96134e864e3a7/httpmime-4.5.1.jar
7f36aa6d7000-7f36aa723000 r--s 0040e000 08:01 1707874                    /home/alex/.gradle/caches/modules-2/files-2.1/org.codehaus.groovy/groovy/2.4.12/a43be367110c491787219f1c128b5b5fc54f1e70/groovy-2.4.12.jar
7f36aa723000-7f36aa725000 r--s 00008000 08:01 1707867                    /home/alex/.gradle/caches/modules-2/files-2.1/io.rest-assured/rest-assured-common/3.0.7/db26519055c660180c654dc6b239445865a27281/rest-assured-common-3.0.7.jar
7f36aa725000-7f36aa728000 r--s 0001d000 08:01 1707870                    /home/alex/.gradle/caches/modules-2/files-2.1/org.codehaus.groovy/groovy-json/2.4.12/810b46f2b359b904c4c7428ad4c03c09094a01ff/groovy-json-2.4.12.jar
7f36aa728000-7f36aa72a000 r--s 0000b000 08:01 1707866                    /home/alex/.gradle/caches/modules-2/files-2.1/io.rest-assured/json-path/3.0.7/b88986affb0a464b65facb734065e36a500d0cd/json-path-3.0.7.jar
7f36aa72a000-7f36aa72e000 r--s 00031000 08:01 1707871                    /home/alex/.gradle/caches/modules-2/files-2.1/org.codehaus.groovy/groovy-xml/2.4.12/b5c023bbbc8a4bbf9c0b38d731fe31d53f00c64a/groovy-xml-2.4.12.jar
7f36aa72e000-7f36aa730000 r--s 00010000 08:01 1707865                    /home/alex/.gradle/caches/modules-2/files-2.1/io.rest-assured/xml-path/3.0.7/175683707be16e97bf2955bc6a5ca9c4407f084b/xml-path-3.0.7.jar
7f36aa730000-7f36aa736000 r--s 00045000 08:01 1707869                    /home/alex/.gradle/caches/modules-2/files-2.1/org.hamcrest/hamcrest-all/1.3/63a21ebc981131004ad02e0434e799fd7f3a8d5a/hamcrest-all-1.3.jar
7f36aa736000-7f36aa737000 r--s 00000000 08:01 1706203                    /home/alex/.gradle/caches/modules-2/files-2.1/javax.inject/javax.inject/1/6975da39a7040257bd51d21a231b76c915872d38/javax.inject-1.jar
7f36aa737000-7f36aa739000 r--s 00009000 08:01 1707868                    /home/alex/.gradle/caches/modules-2/files-2.1/org.objenesis/objenesis/2.1/87c0ea803b69252868d09308b4618f766f135a96/objenesis-2.1.jar
7f36aa739000-7f36aa73b000 r--s 00009000 08:01 1706194                    /home/alex/.gradle/caches/modules-2/files-2.1/org.hamcrest/hamcrest-core/1.3/42a25dc3219429f0e5d060061f71acb49bf010a0/hamcrest-core-1.3.jar
7f36aa73b000-7f36aa73c000 r--s 0000c000 08:01 1706193                    /home/alex/.gradle/caches/modules-2/files-2.1/org.hamcrest/hamcrest-library/1.3/4785a3c21320980282f9f33d0d1264a69040538f/hamcrest-library-1.3.jar
7f36aa73c000-7f36aa73e000 r--s 0000d000 08:01 1706034                    /home/alex/.gradle/caches/modules-2/files-2.1/com.fasterxml/classmate/1.0.0/434efef28c81162b17c540e634cffa3bd9b09b4c/classmate-1.0.0.jar
7f36aa73e000-7f36aa740000 r--s 0000c000 08:01 1706003                    /home/alex/.gradle/caches/modules-2/files-2.1/org.jboss.logging/jboss-logging/3.1.3.GA/64499e907f19e5e1b3fdc02f81440c1832fe3545/jboss-logging-3.1.3.GA.jar
7f36aa740000-7f36aa74e000 r--s 00096000 08:01 1705825                    /home/alex/.gradle/caches/modules-2/files-2.1/com.google.inject/guice/4.0/f990a43d3725781b6db7cd0acf0a8b62dfd1649/guice-4.0.jar
7f36aa74e000-7f36aa753000 r--s 0003f000 08:01 1705823                    /home/alex/.gradle/caches/modules-2/files-2.1/com.typesafe/config/1.3.0/f533aa6ea13e443b50e639d070986c42d03efc35/config-1.3.0.jar
7f36aa753000-7f36aa755000 r--s 00010000 08:01 1705822                    /home/alex/.gradle/caches/modules-2/files-2.1/com.jcraft/jzlib/1.1.3/c01428efa717624f7aabf4df319939dda9646b2d/jzlib-1.1.3.jar
7f36aa755000-7f36aa75f000 r--s 000aa000 08:01 1707859                    /home/alex/.gradle/caches/modules-2/files-2.1/org.javassist/javassist/3.21.0-GA/598244f595db5c5fb713731eddbb1c91a58d959b/javassist-3.21.0-GA.jar
7f36aa75f000-7f36aa762000 r--s 0001e000 08:01 1707858                    /home/alex/.gradle/caches/modules-2/files-2.1/org.reflections/reflections/0.9.11/23bba0ff497ec61fbca967d9b641c7681a71edb3/reflections-0.9.11.jar
7f36aa762000-7f36aa765000 r--s 00023000 08:01 1705810                    /home/alex/.gradle/caches/modules-2/files-2.1/io.netty/netty-transport-native-epoll/4.0.52.Final/f67115015d01b120c606d0e711c3f2d2fec8bb69/netty-transport-native-epoll-4.0.52.Final-linux-x86_64.jar
7f36aa765000-7f36aa767000 r--s 00009000 08:01 1705978                    /home/alex/.gradle/caches/modules-2/files-2.1/org.slf4j/slf4j-api/1.7.25/da76ca59f6a57ee3102f8f9bd9cee742973efa8a/slf4j-api-1.7.25.jar
7f36aa767000-7f36aa76b000 r--s 00018000 08:01 1706976                    /home/alex/.gradle/caches/modules-2/files-2.1/io.dropwizard.metrics/metrics-core/3.1.1/8b4dc2fdae121ebaf3d55fb580021f0219ed3061/metrics-core-3.1.1.jar
7f36aa76b000-7f36aa76d000 r--s 00004000 08:01 1705878                    /home/alex/.gradle/caches/modules-2/files-2.1/io.dropwizard.metrics/metrics-graphite/3.1.1/7b0b2d5c8556c786673c21b51a7023ed29331523/metrics-graphite-3.1.1.jar
7f36aa76d000-7f36aa76f000 r--s 00008000 08:01 1705868                    /home/alex/.gradle/caches/modules-2/files-2.1/io.dropwizard.metrics/metrics-jvm/3.1.1/a4b453098005db0adb15ae1d17471d434873a0d1/metrics-jvm-3.1.1.jar
7f36aa76f000-7f36aa77d000 r--s 000a8000 08:01 1705873                    /home/alex/.gradle/caches/modules-2/files-2.1/com.ning/async-http-client/1.9.38/99043d41e86d6440d1909ef05f4338bfe0b6dfc9/async-http-client-1.9.38.jar
7f36aa77d000-7f36aa77f000 r--s 00008000 08:01 1705813                    /home/alex/.gradle/caches/modules-2/files-2.1/com.nike.wingtips/wingtips-core/0.14.1/c08053128e48094cfa2870d12e27bd33b2579b39/wingtips-core-0.14.1.jar
7f36aa77f000-7f36aa781000 r--s 00004000 08:01 1705805                    /home/alex/.gradle/caches/modules-2/files-2.1/org.slf4j/log4j-over-slf4j/1.7.21/b3700d97464d99bdcd42c0177d6e7951c94d75ff/log4j-over-slf4j-1.7.21.jar
7f36aa781000-7f36aa783000 r--s 00003000 08:01 1705802                    /home/alex/.gradle/caches/modules-2/files-2.1/org.slf4j/jcl-over-slf4j/1.7.21/331b564a3a42f002a0004b039c1c430da89062cd/jcl-over-slf4j-1.7.21.jar
7f36aa783000-7f36aa785000 r--s 00004000 08:01 1705798                    /home/alex/.gradle/caches/modules-2/files-2.1/com.nike.fastbreak/fastbreak/0.10.0/85296aedbb236303054f37e8cc66c960293b4ba0/fastbreak-0.10.0.jar
7f36aa785000-7f36aa7ac000 r--s 00205000 08:01 1705789                    /home/alex/.gradle/caches/modules-2/files-2.1/io.netty/netty-all/4.0.52.Final/6adde4fa5e7b8ff8a25500a66b369a110a047862/netty-all-4.0.52.Final.jar
7f36aa7ac000-7f36aa7b7000 r--s 0008e000 08:01 1707860                    /home/alex/.gradle/caches/modules-2/files-2.1/io.rest-assured/rest-assured/3.0.7/79143d9bd15f4f0bb9753c2661c9f510690fe495/rest-assured-3.0.7.jar
7f36aa7b7000-7f36aa7d3000 r--s 00103000 08:01 1707856                    /home/alex/.gradle/caches/modules-2/files-2.1/org.mockito/mockito-core/1.10.19/e8546f5bef4e061d8dd73895b4e8f40e3fe6effe/mockito-core-1.10.19.jar
7f36aa7d3000-7f36aa7d5000 r--s 00009000 08:01 1707855                    /home/alex/.gradle/caches/modules-2/files-2.1/com.tngtech.java/junit-dataprovider/1.13.1/ee6202532215b19fafa0120c9d9152117474c55e/junit-dataprovider-1.13.1.jar
7f36aa7d5000-7f36aa7ed000 r--s 00120000 08:01 1707857                    /home/alex/.gradle/caches/modules-2/files-2.1/org.assertj/assertj-core/3.9.0/de324a44efe19b9222d2218f7ac3102d728497d8/assertj-core-3.9.0.jar
7f36aa7ed000-7f36aa7f5000 r--s 00045000 08:01 1706192                    /home/alex/.gradle/caches/modules-2/files-2.1/junit/junit/4.12/2973d150c0dc1fefe998f834810d68f278ea58ec/junit-4.12.jar
7f36aa7f5000-7f36aa7f9000 r--s 0004b000 08:01 1705779                    /home/alex/.gradle/caches/modules-2/files-2.1/com.fasterxml.jackson.core/jackson-core/2.9.4/a9a71ec1aa37da47db168fede9a4a5fb5e374320/jackson-core-2.9.4.jar
7f36aa7f9000-7f36aa7fc000 r--s 0000e000 08:01 1705777                    /home/alex/.gradle/caches/modules-2/files-2.1/com.fasterxml.jackson.core/jackson-annotations/2.9.4/1380b592ad70439346b5d954ad202be048451c5a/jackson-annotations-2.9.4.jar
7f36aa7fc000-7f36aa7fd000 ---p 00000000 00:00 0 
7f36aa7fd000-7f36aa8fd000 rw-p 00000000 00:00 0 
7f36aa8fd000-7f36aa900000 ---p 00000000 00:00 0 
7f36aa900000-7f36aa9fe000 rw-p 00000000 00:00 0 
7f36aa9fe000-7f36aa9ff000 ---p 00000000 00:00 0 
7f36aa9ff000-7f36aaa02000 ---p 00000000 00:00 0 
7f36aaa02000-7f36aaaff000 rw-p 00000000 00:00 0 
7f36aaaff000-7f36aab00000 ---p 00000000 00:00 0 
7f36aab00000-7f36aab03000 ---p 00000000 00:00 0 
7f36aab03000-7f36aac00000 rw-p 00000000 00:00 0 
7f36aac00000-7f36aac11000 r-xp 00000000 08:01 15601363                   /usr/lib/jvm/java-8-openjdk-amd64/jre/lib/amd64/libnio.so
7f36aac11000-7f36aae11000 ---p 00011000 08:01 15601363                   /usr/lib/jvm/java-8-openjdk-amd64/jre/lib/amd64/libnio.so
7f36aae11000-7f36aae12000 r--p 00011000 08:01 15601363                   /usr/lib/jvm/java-8-openjdk-amd64/jre/lib/amd64/libnio.so
7f36aae12000-7f36aae13000 rw-p 00012000 08:01 15601363                   /usr/lib/jvm/java-8-openjdk-amd64/jre/lib/amd64/libnio.so
7f36aae13000-7f36aae29000 r-xp 00000000 08:01 15601362                   /usr/lib/jvm/java-8-openjdk-amd64/jre/lib/amd64/libnet.so
7f36aae29000-7f36ab029000 ---p 00016000 08:01 15601362                   /usr/lib/jvm/java-8-openjdk-amd64/jre/lib/amd64/libnet.so
7f36ab029000-7f36ab02a000 r--p 00016000 08:01 15601362                   /usr/lib/jvm/java-8-openjdk-amd64/jre/lib/amd64/libnet.so
7f36ab02a000-7f36ab02b000 rw-p 00017000 08:01 15601362                   /usr/lib/jvm/java-8-openjdk-amd64/jre/lib/amd64/libnet.so
7f36ab02b000-7f36ab02e000 ---p 00000000 00:00 0 
7f36ab02e000-7f36ab12c000 rw-p 00000000 00:00 0 
7f36ab12c000-7f36abafb000 r--p 00000000 08:01 14686830                   /usr/lib/locale/locale-archive
7f36abafb000-7f36abafe000 ---p 00000000 00:00 0 
7f36abafe000-7f36abbfc000 rw-p 00000000 00:00 0 
7f36abbfc000-7f36abbff000 ---p 00000000 00:00 0 
7f36abbff000-7f36abcfd000 rw-p 00000000 00:00 0 
7f36abcfd000-7f36abcfe000 ---p 00000000 00:00 0 
7f36abcfe000-7f36ac000000 rw-p 00000000 00:00 0 
7f36ac000000-7f36ac033000 rw-p 00000000 00:00 0 
7f36ac033000-7f36b0000000 ---p 00000000 00:00 0 
7f36b0000000-7f36b0013000 r--s 00136000 08:01 1705774                    /home/alex/.gradle/caches/modules-2/files-2.1/com.fasterxml.jackson.core/jackson-databind/2.9.4/498bbc3b94f566982c7f7c6d4d303fce365529be/jackson-databind-2.9.4.jar
7f36b0013000-7f36b0018000 r--s 00037000 08:01 1705768                    /home/alex/.gradle/caches/modules-2/files-2.1/org.ow2.asm/asm-all/5.0.4/e6244859997b3d4237a552669279780876228909/asm-all-5.0.4.jar
7f36b0018000-7f36b001a000 r--s 00007000 08:01 1705765                    /home/alex/.gradle/caches/modules-2/files-2.1/javax.el/el-api/2.2.1-b04/907e6b1a1c2c18661eea4aa5c11db175455d36e9/el-api-2.2.1-b04.jar
7f36b001a000-7f36b001c000 r--s 00019000 08:01 1705767                    /home/alex/.gradle/caches/modules-2/files-2.1/org.glassfish.web/el-impl/2.2.1-b05/e7257f648b1ec91b87db8893f7740e116b05d777/el-impl-2.2.1-b05.jar
7f36b001c000-7f36b0020000 r--s 0000c000 08:01 1705758                    /home/alex/.gradle/caches/modules-2/files-2.1/javax.validation/validation-api/1.1.0.Final/8613ae82954779d518631e05daa73a6a954817d5/validation-api-1.1.0.Final.jar
7f36b0020000-7f36b0022000 r--s 00000000 08:01 1707853                    /home/alex/.gradle/caches/modules-2/files-2.1/com.nike.backstopper/backstopper-custom-validators/0.11.4/c4d825a9deee86b7e1be4ca4fbdeaa071a00baf4/backstopper-custom-validators-0.11.4.jar
7f36b0022000-7f36b0025000 r--s 0000d000 08:01 1705800                    /home/alex/.gradle/caches/modules-2/files-2.1/com.nike.backstopper/backstopper-core/0.11.4/659f92c56217f55403bce3fe692c16382eb1dd2/backstopper-core-0.11.4.jar
7f36b0025000-7f36b0026000 r--s 00001000 08:01 1705816                    /home/alex/.gradle/caches/modules-2/files-2.1/com.nike.backstopper/backstopper-jackson/0.11.4/1dd79b5da5b70c55f43f86b2826d146bc5f27a44/backstopper-jackson-0.11.4.jar
7f36b0026000-7f36b0034000 r--s 0008d000 08:01 1705764                    /home/alex/.gradle/caches/modules-2/files-2.1/org.hibernate/hibernate-validator/5.1.2.Final/8aecb33d3587f32c877827c2bdddae0d227a40ed/hibernate-validator-5.1.2.Final.jar
7f36b0034000-7f36b003f000 r--s 00069000 08:01 1705755                    /home/alex/.gradle/caches/modules-2/files-2.1/ch.qos.logback/logback-core/1.2.3/864344400c3d4d92dfeb0a305dc87d953677c03c/logback-core-1.2.3.jar
7f36b003f000-7f36b0045000 r--s 00041000 08:01 1705752                    /home/alex/.gradle/caches/modules-2/files-2.1/ch.qos.logback/logback-classic/1.2.3/7c4f3c474fb2c041d8028740440937705ebb473a/logback-classic-1.2.3.jar
7f36b0045000-7f36b0047000 r--s 00006000 08:01 1707854                    /home/alex/.gradle/caches/modules-2/files-2.1/com.nike.backstopper/backstopper-reusable-tests/0.11.4/53c3ce03bb532c7e883814398247231f4294890f/backstopper-reusable-tests-0.11.4.jar
7f36b0047000-7f36b00b7000 r--s 00641000 08:01 1705749                    /home/alex/.gradle/caches/modules-2/files-2.1/org.codehaus.groovy/groovy-all/2.4.7/c5371aaa20bcdca1175d9477fc0811f4fd99b68a/groovy-all-2.4.7.jar
7f36b00b7000-7f36b00b9000 r--s 00003000 08:01 1705746                    /home/alex/.gradle/caches/modules-2/files-2.1/com.google.code.findbugs/jsr305/3.0.2/25ea2e8b0c338a877313bd4672d3fe056ea78f0d/jsr305-3.0.2.jar
7f36b00b9000-7f36b00be000 r--s 0001f000 08:01 1705720                    /home/alex/.gradle/caches/modules-2/files-2.1/com.nike.riposte/riposte-spi/0.12.0/8c751bea72d86157b4db189703d6bd712e7017ff/riposte-spi-0.12.0.jar
7f36b00be000-7f36b00c1000 r--s 00029000 08:01 1705722                    /home/alex/.gradle/caches/modules-2/files-2.1/com.nike.riposte/riposte-core/0.12.0/5aaa4a4de968b7206f0ef9fc8da56c5ab0b211/riposte-core-0.12.0.jar
7f36b00c1000-7f36b00c2000 r--s 00001000 08:01 1705744                    /home/alex/.gradle/caches/modules-2/files-2.1/com.nike.riposte/riposte-auth/0.12.0/1712989f833aa6bd9c9a2f6068d68d1023e52145/riposte-auth-0.12.0.jar
7f36b00c2000-7f36b00c4000 r--s 00006000 08:01 1705743                    /home/alex/.gradle/caches/modules-2/files-2.1/com.nike.riposte/riposte-metrics-codahale/0.12.0/ea76d765303dd79494c11b8755e6c51745bfbd91/riposte-metrics-codahale-0.12.0.jar
7f36b00c4000-7f36b00c6000 r--s 00003000 08:01 1705733                    /home/alex/.gradle/caches/modules-2/files-2.1/com.nike.riposte/riposte-async-http-client/0.12.0/8aff9788d3db3d91268a6123e59995ee0cc3dffa/riposte-async-http-client-0.12.0.jar
7f36b00c6000-7f36b00c7000 r--s 00000000 08:01 1705726                    /home/alex/.gradle/caches/modules-2/files-2.1/com.nike.riposte/riposte-guice/0.12.0/47451fec2f2c50c725cfa33c8c73f31c6c46f32b/riposte-guice-0.12.0.jar
7f36b00c7000-7f36b00c8000 r--s 00000000 08:01 1705729                    /home/alex/.gradle/caches/modules-2/files-2.1/com.nike.riposte/riposte-guice-typesafe-config/0.12.0/85ed9a8443c03744e8484b68829f774d6c8f2816/riposte-guice-typesafe-config-0.12.0.jar
7f36b00c8000-7f36b00c9000 r--s 00000000 08:01 1705724                    /home/alex/.gradle/caches/modules-2/files-2.1/com.nike.riposte/riposte-typesafe-config/0.12.0/3e4318044a2324e44faa2f2c12e91bceebe64857/riposte-typesafe-config-0.12.0.jar
7f36b00c9000-7f36b00ce000 r--s 00038000 08:01 23200892                   /home/alex/weatherservice/weatherservicescala/WeatherService/riposte-microservice-template-core-code/build/tmp/expandedArchives/org.jacoco.agent-0.8.0.jar_0a1ac833cae91eb2e2152073ffb36feb/jacocoagent.jar
7f36b00ce000-7f36b00cf000 r--s 00006000 08:01 12455716                   /home/alex/.gradle/caches/4.5.1/workerMain/gradle-worker.jar
7f36b00cf000-7f36b00d2000 r--s 0000f000 08:01 15730603                   /usr/lib/jvm/java-8-openjdk-amd64/jre/lib/ext/icedtea-sound.jar
7f36b00d2000-7f36b00d4000 r--s 00001000 08:01 15730602                   /usr/lib/jvm/java-8-openjdk-amd64/jre/lib/ext/dnsns.jar
7f36b00d4000-7f36b00ef000 r--s 00394000 08:01 15730601                   /usr/lib/jvm/java-8-openjdk-amd64/jre/lib/ext/cldrdata.jar
7f36b00ef000-7f36b00f9000 r--s 00116000 08:01 15730605                   /usr/lib/jvm/java-8-openjdk-amd64/jre/lib/ext/localedata.jar
7f36b00f9000-7f36b1000000 rw-p 00000000 00:00 0 
7f36b1000000-7f36b1d50000 rwxp 00000000 00:00 0 
7f36b1d50000-7f36c0000000 ---p 00000000 00:00 0 
7f36c0000000-7f36c0838000 rw-p 00000000 00:00 0 
7f36c0838000-7f36c4000000 ---p 00000000 00:00 0 
7f36c4000000-7f36c4001000 r--s 0000a000 08:01 15730604                   /usr/lib/jvm/java-8-openjdk-amd64/jre/lib/ext/jaccess.jar
7f36c4001000-7f36c4003000 r--s 00008000 08:01 15730607                   /usr/lib/jvm/java-8-openjdk-amd64/jre/lib/ext/sunec.jar
7f36c4003000-7f36c401e000 r--s 001d6000 08:01 15730606                   /usr/lib/jvm/java-8-openjdk-amd64/jre/lib/ext/nashorn.jar
7f36c401e000-7f36c406c000 rw-p 00000000 00:00 0 
7f36c406c000-7f36c423b000 r--s 03c2f000 08:01 15601392                   /usr/lib/jvm/java-8-openjdk-amd64/jre/lib/rt.jar
7f36c423b000-7f36c62f8000 rw-p 00000000 00:00 0 
7f36c62f8000-7f36c62f9000 ---p 00000000 00:00 0 
7f36c62f9000-7f36c63f9000 rw-p 00000000 00:00 0 
7f36c63f9000-7f36c63fa000 ---p 00000000 00:00 0 
7f36c63fa000-7f36c6511000 rw-p 00000000 00:00 0 
7f36c6511000-7f36c6643000 ---p 00000000 00:00 0 
7f36c6643000-7f36c665a000 rw-p 00000000 00:00 0 
7f36c665a000-7f36c678b000 ---p 00000000 00:00 0 
7f36c678b000-7f36c6830000 rw-p 00000000 00:00 0 
7f36c6830000-7f36c6867000 rw-p 00000000 00:00 0 
7f36c6867000-7f36c6bf1000 ---p 00000000 00:00 0 
7f36c6bf1000-7f36c6bf9000 r-xp 00000000 08:01 15601370                   /usr/lib/jvm/java-8-openjdk-amd64/jre/lib/amd64/libzip.so
7f36c6bf9000-7f36c6df8000 ---p 00008000 08:01 15601370                   /usr/lib/jvm/java-8-openjdk-amd64/jre/lib/amd64/libzip.so
7f36c6df8000-7f36c6df9000 r--p 00007000 08:01 15601370                   /usr/lib/jvm/java-8-openjdk-amd64/jre/lib/amd64/libzip.so
7f36c6df9000-7f36c6dfa000 rw-p 00008000 08:01 15601370                   /usr/lib/jvm/java-8-openjdk-amd64/jre/lib/amd64/libzip.so
7f36c6dfa000-7f36c6e05000 r-xp 00000000 08:01 11670179                   /lib/x86_64-linux-gnu/libnss_files-2.27.so
7f36c6e05000-7f36c7004000 ---p 0000b000 08:01 11670179                   /lib/x86_64-linux-gnu/libnss_files-2.27.so
7f36c7004000-7f36c7005000 r--p 0000a000 08:01 11670179                   /lib/x86_64-linux-gnu/libnss_files-2.27.so
7f36c7005000-7f36c7006000 rw-p 0000b000 08:01 11670179                   /lib/x86_64-linux-gnu/libnss_files-2.27.so
7f36c7006000-7f36c700c000 rw-p 00000000 00:00 0 
7f36c700c000-7f36c7023000 r-xp 00000000 08:01 11670173                   /lib/x86_64-linux-gnu/libnsl-2.27.so
7f36c7023000-7f36c7222000 ---p 00017000 08:01 11670173                   /lib/x86_64-linux-gnu/libnsl-2.27.so
7f36c7222000-7f36c7223000 r--p 00016000 08:01 11670173                   /lib/x86_64-linux-gnu/libnsl-2.27.so
7f36c7223000-7f36c7224000 rw-p 00017000 08:01 11670173                   /lib/x86_64-linux-gnu/libnsl-2.27.so
7f36c7224000-7f36c7226000 rw-p 00000000 00:00 0 
7f36c7226000-7f36c7231000 r-xp 00000000 08:01 11670190                   /lib/x86_64-linux-gnu/libnss_nis-2.27.so
7f36c7231000-7f36c7430000 ---p 0000b000 08:01 11670190                   /lib/x86_64-linux-gnu/libnss_nis-2.27.so
7f36c7430000-7f36c7431000 r--p 0000a000 08:01 11670190                   /lib/x86_64-linux-gnu/libnss_nis-2.27.so
7f36c7431000-7f36c7432000 rw-p 0000b000 08:01 11670190                   /lib/x86_64-linux-gnu/libnss_nis-2.27.so
7f36c7432000-7f36c743a000 r-xp 00000000 08:01 11670175                   /lib/x86_64-linux-gnu/libnss_compat-2.27.so
7f36c743a000-7f36c763a000 ---p 00008000 08:01 11670175                   /lib/x86_64-linux-gnu/libnss_compat-2.27.so
7f36c763a000-7f36c763b000 r--p 00008000 08:01 11670175                   /lib/x86_64-linux-gnu/libnss_compat-2.27.so
7f36c763b000-7f36c763c000 rw-p 00009000 08:01 11670175                   /lib/x86_64-linux-gnu/libnss_compat-2.27.so
7f36c763c000-7f36c7646000 r-xp 00000000 08:01 15601346                   /usr/lib/jvm/java-8-openjdk-amd64/jre/lib/amd64/libinstrument.so
7f36c7646000-7f36c7845000 ---p 0000a000 08:01 15601346                   /usr/lib/jvm/java-8-openjdk-amd64/jre/lib/amd64/libinstrument.so
7f36c7845000-7f36c7846000 r--p 00009000 08:01 15601346                   /usr/lib/jvm/java-8-openjdk-amd64/jre/lib/amd64/libinstrument.so
7f36c7846000-7f36c7847000 rw-p 0000a000 08:01 15601346                   /usr/lib/jvm/java-8-openjdk-amd64/jre/lib/amd64/libinstrument.so
7f36c7847000-7f36c7875000 r-xp 00000000 08:01 15601351                   /usr/lib/jvm/java-8-openjdk-amd64/jre/lib/amd64/libjava.so
7f36c7875000-7f36c7a74000 ---p 0002e000 08:01 15601351                   /usr/lib/jvm/java-8-openjdk-amd64/jre/lib/amd64/libjava.so
7f36c7a74000-7f36c7a75000 r--p 0002d000 08:01 15601351                   /usr/lib/jvm/java-8-openjdk-amd64/jre/lib/amd64/libjava.so
7f36c7a75000-7f36c7a77000 rw-p 0002e000 08:01 15601351                   /usr/lib/jvm/java-8-openjdk-amd64/jre/lib/amd64/libjava.so
7f36c7a77000-7f36c7a87000 r-xp 00000000 08:01 15601369                   /usr/lib/jvm/java-8-openjdk-amd64/jre/lib/amd64/libverify.so
7f36c7a87000-7f36c7c86000 ---p 00010000 08:01 15601369                   /usr/lib/jvm/java-8-openjdk-amd64/jre/lib/amd64/libverify.so
7f36c7c86000-7f36c7c88000 r--p 0000f000 08:01 15601369                   /usr/lib/jvm/java-8-openjdk-amd64/jre/lib/amd64/libverify.so
7f36c7c88000-7f36c7c89000 rw-p 00011000 08:01 15601369                   /usr/lib/jvm/java-8-openjdk-amd64/jre/lib/amd64/libverify.so
7f36c7c89000-7f36c7c90000 r-xp 00000000 08:01 11670230                   /lib/x86_64-linux-gnu/librt-2.27.so
7f36c7c90000-7f36c7e8f000 ---p 00007000 08:01 11670230                   /lib/x86_64-linux-gnu/librt-2.27.so
7f36c7e8f000-7f36c7e90000 r--p 00006000 08:01 11670230                   /lib/x86_64-linux-gnu/librt-2.27.so
7f36c7e90000-7f36c7e91000 rw-p 00007000 08:01 11670230                   /lib/x86_64-linux-gnu/librt-2.27.so
7f36c7e91000-7f36c7ea8000 r-xp 00000000 08:01 11670126                   /lib/x86_64-linux-gnu/libgcc_s.so.1
7f36c7ea8000-7f36c80a7000 ---p 00017000 08:01 11670126                   /lib/x86_64-linux-gnu/libgcc_s.so.1
7f36c80a7000-7f36c80a8000 r--p 00016000 08:01 11670126                   /lib/x86_64-linux-gnu/libgcc_s.so.1
7f36c80a8000-7f36c80a9000 rw-p 00017000 08:01 11670126                   /lib/x86_64-linux-gnu/libgcc_s.so.1
7f36c80a9000-7f36c8246000 r-xp 00000000 08:01 11670152                   /lib/x86_64-linux-gnu/libm-2.27.so
7f36c8246000-7f36c8445000 ---p 0019d000 08:01 11670152                   /lib/x86_64-linux-gnu/libm-2.27.so
7f36c8445000-7f36c8446000 r--p 0019c000 08:01 11670152                   /lib/x86_64-linux-gnu/libm-2.27.so
7f36c8446000-7f36c8447000 rw-p 0019d000 08:01 11670152                   /lib/x86_64-linux-gnu/libm-2.27.so
7f36c8447000-7f36c85c5000 r-xp 00000000 08:01 14688924                   /usr/lib/x86_64-linux-gnu/libstdc++.so.6.0.25
7f36c85c5000-7f36c87c5000 ---p 0017e000 08:01 14688924                   /usr/lib/x86_64-linux-gnu/libstdc++.so.6.0.25
7f36c87c5000-7f36c87cf000 r--p 0017e000 08:01 14688924                   /usr/lib/x86_64-linux-gnu/libstdc++.so.6.0.25
7f36c87cf000-7f36c87d1000 rw-p 00188000 08:01 14688924                   /usr/lib/x86_64-linux-gnu/libstdc++.so.6.0.25
7f36c87d1000-7f36c87d5000 rw-p 00000000 00:00 0 
7f36c87d5000-7f36c9466000 r-xp 00000000 08:01 15601373                   /usr/lib/jvm/java-8-openjdk-amd64/jre/lib/amd64/server/libjvm.so
7f36c9466000-7f36c9666000 ---p 00c91000 08:01 15601373                   /usr/lib/jvm/java-8-openjdk-amd64/jre/lib/amd64/server/libjvm.so
7f36c9666000-7f36c96f9000 r--p 00c91000 08:01 15601373                   /usr/lib/jvm/java-8-openjdk-amd64/jre/lib/amd64/server/libjvm.so
7f36c96f9000-7f36c9721000 rw-p 00d24000 08:01 15601373                   /usr/lib/jvm/java-8-openjdk-amd64/jre/lib/amd64/server/libjvm.so
7f36c9721000-7f36c9752000 rw-p 00000000 00:00 0 
7f36c9752000-7f36c976c000 r-xp 00000000 08:01 11670222                   /lib/x86_64-linux-gnu/libpthread-2.27.so
7f36c976c000-7f36c996b000 ---p 0001a000 08:01 11670222                   /lib/x86_64-linux-gnu/libpthread-2.27.so
7f36c996b000-7f36c996c000 r--p 00019000 08:01 11670222                   /lib/x86_64-linux-gnu/libpthread-2.27.so
7f36c996c000-7f36c996d000 rw-p 0001a000 08:01 11670222                   /lib/x86_64-linux-gnu/libpthread-2.27.so
7f36c996d000-7f36c9971000 rw-p 00000000 00:00 0 
7f36c9971000-7f36c9974000 r-xp 00000000 08:01 11670112                   /lib/x86_64-linux-gnu/libdl-2.27.so
7f36c9974000-7f36c9b73000 ---p 00003000 08:01 11670112                   /lib/x86_64-linux-gnu/libdl-2.27.so
7f36c9b73000-7f36c9b74000 r--p 00002000 08:01 11670112                   /lib/x86_64-linux-gnu/libdl-2.27.so
7f36c9b74000-7f36c9b75000 rw-p 00003000 08:01 11670112                   /lib/x86_64-linux-gnu/libdl-2.27.so
7f36c9b75000-7f36c9b91000 r-xp 00000000 08:01 11670261                   /lib/x86_64-linux-gnu/libz.so.1.2.11
7f36c9b91000-7f36c9d90000 ---p 0001c000 08:01 11670261                   /lib/x86_64-linux-gnu/libz.so.1.2.11
7f36c9d90000-7f36c9d91000 r--p 0001b000 08:01 11670261                   /lib/x86_64-linux-gnu/libz.so.1.2.11
7f36c9d91000-7f36c9d92000 rw-p 0001c000 08:01 11670261                   /lib/x86_64-linux-gnu/libz.so.1.2.11
7f36c9d92000-7f36c9f79000 r-xp 00000000 08:01 11670089                   /lib/x86_64-linux-gnu/libc-2.27.so
7f36c9f79000-7f36ca179000 ---p 001e7000 08:01 11670089                   /lib/x86_64-linux-gnu/libc-2.27.so
7f36ca179000-7f36ca17d000 r--p 001e7000 08:01 11670089                   /lib/x86_64-linux-gnu/libc-2.27.so
7f36ca17d000-7f36ca17f000 rw-p 001eb000 08:01 11670089                   /lib/x86_64-linux-gnu/libc-2.27.so
7f36ca17f000-7f36ca183000 rw-p 00000000 00:00 0 
7f36ca183000-7f36ca191000 r-xp 00000000 08:01 15601337                   /usr/lib/jvm/java-8-openjdk-amd64/jre/lib/amd64/jli/libjli.so
7f36ca191000-7f36ca390000 ---p 0000e000 08:01 15601337                   /usr/lib/jvm/java-8-openjdk-amd64/jre/lib/amd64/jli/libjli.so
7f36ca390000-7f36ca391000 r--p 0000d000 08:01 15601337                   /usr/lib/jvm/java-8-openjdk-amd64/jre/lib/amd64/jli/libjli.so
7f36ca391000-7f36ca392000 rw-p 0000e000 08:01 15601337                   /usr/lib/jvm/java-8-openjdk-amd64/jre/lib/amd64/jli/libjli.so
7f36ca392000-7f36ca3b9000 r-xp 00000000 08:01 11670061                   /lib/x86_64-linux-gnu/ld-2.27.so
7f36ca3b9000-7f36ca49e000 rw-p 00000000 00:00 0 
7f36ca49e000-7f36ca49f000 ---p 00000000 00:00 0 
7f36ca49f000-7f36ca4a2000 ---p 00000000 00:00 0 
7f36ca4a2000-7f36ca5a1000 rw-p 00000000 00:00 0 
7f36ca5a1000-7f36ca5a2000 r--s 00010000 08:01 15730610                   /usr/lib/jvm/java-8-openjdk-amd64/jre/lib/ext/zipfs.jar
7f36ca5a2000-7f36ca5a5000 r--s 00038000 08:01 15730609                   /usr/lib/jvm/java-8-openjdk-amd64/jre/lib/ext/sunpkcs11.jar
7f36ca5a5000-7f36ca5a7000 r--s 00007000 08:01 15077938                   /usr/share/java/java-atk-wrapper.jar
7f36ca5a7000-7f36ca5ad000 r--s 0003b000 08:01 15730608                   /usr/lib/jvm/java-8-openjdk-amd64/jre/lib/ext/sunjce_provider.jar
7f36ca5ad000-7f36ca5b5000 rw-s 00000000 08:01 1707950                    /tmp/hsperfdata_alex/16313
7f36ca5b5000-7f36ca5b6000 rw-p 00000000 00:00 0 
7f36ca5b6000-7f36ca5b7000 r--p 00000000 00:00 0 
7f36ca5b7000-7f36ca5b9000 rw-p 00000000 00:00 0 
7f36ca5b9000-7f36ca5ba000 r--p 00027000 08:01 11670061                   /lib/x86_64-linux-gnu/ld-2.27.so
7f36ca5ba000-7f36ca5bb000 rw-p 00028000 08:01 11670061                   /lib/x86_64-linux-gnu/ld-2.27.so
7f36ca5bb000-7f36ca5bc000 rw-p 00000000 00:00 0 
7fff69559000-7fff6957b000 rw-p 00000000 00:00 0                          [stack]
7fff695d4000-7fff695d7000 r--p 00000000 00:00 0                          [vvar]
7fff695d7000-7fff695d9000 r-xp 00000000 00:00 0                          [vdso]
ffffffffff600000-ffffffffff601000 r-xp 00000000 00:00 0                  [vsyscall]

VM Arguments:
jvm_args: -Djava.security.manager=worker.org.gradle.process.internal.worker.child.BootstrapSecurityManager -Dorg.gradle.native=false -javaagent:build/tmp/expandedArchives/org.jacoco.agent-0.8.0.jar_0a1ac833cae91eb2e2152073ffb36feb/jacocoagent.jar=destfile=build/jacoco/test.exec,append=true,inclnolocationclasses=false,dumponexit=true,output=file,jmx=false -Dfile.encoding=UTF-8 -Duser.country=US -Duser.language=en -Duser.variant -ea 
java_command: worker.org.gradle.process.internal.worker.GradleWorkerMain 'Gradle Test Executor 6'
java_class_path (initial): /home/alex/.gradle/caches/4.5.1/workerMain/gradle-worker.jar:build/tmp/expandedArchives/org.jacoco.agent-0.8.0.jar_0a1ac833cae91eb2e2152073ffb36feb/jacocoagent.jar
Launcher Type: SUN_STANDARD

Environment Variables:
PATH=/home/alex/.local/bin:/home/alex/.rbenv/shims:/home/alex/.rbenv/bin:/home/alex/.rvm/gems/ruby-2.3.7/bin:/home/alex/.rvm/gems/ruby-2.3.7@global/bin:/home/alex/.rvm/rubies/ruby-2.3.7/bin:/home/alex/.local/bin:/usr/local/sbin:/usr/local/bin:/usr/sbin:/usr/bin:/sbin:/bin:/usr/games:/usr/local/games:/snap/bin:/home/alex/.rvm/bin:/home/alex/.rvm/bin:/home/alex/.rvm/bin
USERNAME=alex
SHELL=/bin/bash
DISPLAY=:0

Signal Handlers:
SIGSEGV: [libjvm.so+0xaabcd0], sa_mask[0]=11111111011111111101111111111110, sa_flags=SA_RESTART|SA_SIGINFO
SIGBUS: [libjvm.so+0xaabcd0], sa_mask[0]=11111111011111111101111111111110, sa_flags=SA_RESTART|SA_SIGINFO
SIGFPE: [libjvm.so+0x8e1d50], sa_mask[0]=11111111011111111101111111111110, sa_flags=SA_RESTART|SA_SIGINFO
SIGPIPE: [libjvm.so+0x8e1d50], sa_mask[0]=11111111011111111101111111111110, sa_flags=SA_RESTART|SA_SIGINFO
SIGXFSZ: [libjvm.so+0x8e1d50], sa_mask[0]=11111111011111111101111111111110, sa_flags=SA_RESTART|SA_SIGINFO
SIGILL: [libjvm.so+0x8e1d50], sa_mask[0]=11111111011111111101111111111110, sa_flags=SA_RESTART|SA_SIGINFO
SIGUSR1: SIG_DFL, sa_mask[0]=00000000000000000000000000000000, sa_flags=none
SIGUSR2: [libjvm.so+0x8e1c00], sa_mask[0]=00100000000000000000000000000000, sa_flags=SA_RESTART|SA_SIGINFO
SIGHUP: [libjvm.so+0x8e20b0], sa_mask[0]=11111111011111111101111111111110, sa_flags=SA_RESTART|SA_SIGINFO
SIGINT: [libjvm.so+0x8e20b0], sa_mask[0]=11111111011111111101111111111110, sa_flags=SA_RESTART|SA_SIGINFO
SIGTERM: [libjvm.so+0x8e20b0], sa_mask[0]=11111111011111111101111111111110, sa_flags=SA_RESTART|SA_SIGINFO
SIGQUIT: [libjvm.so+0x8e20b0], sa_mask[0]=11111111011111111101111111111110, sa_flags=SA_RESTART|SA_SIGINFO


---------------  S Y S T E M  ---------------

OS:DISTRIB_ID=Ubuntu
DISTRIB_RELEASE=18.04
DISTRIB_CODENAME=bionic
DISTRIB_DESCRIPTION="Ubuntu 18.04 LTS"

uname:Linux 4.15.0-22-generic #24-Ubuntu SMP Wed May 16 12:15:17 UTC 2018 x86_64
libc:glibc 2.27 NPTL 2.27 
rlimit: STACK 8192k, CORE 0k, NPROC 15546, NOFILE 4096, AS infinity
load average:0.99 0.44 0.35

/proc/meminfo:
MemTotal:        4038628 kB
MemFree:          115856 kB
MemAvailable:     301844 kB
Buffers:           25260 kB
Cached:           405348 kB
SwapCached:        36688 kB
Active:          2800836 kB
Inactive:         819216 kB
Active(anon):    2631552 kB
Inactive(anon):   615852 kB
Active(file):     169284 kB
Inactive(file):   203364 kB
Unevictable:          64 kB
Mlocked:              64 kB
SwapTotal:       2097148 kB
SwapFree:         933372 kB
Dirty:               324 kB
Writeback:             0 kB
AnonPages:       3171440 kB
Mapped:           293764 kB
Shmem:             94800 kB
Slab:              96620 kB
SReclaimable:      38788 kB
SUnreclaim:        57832 kB
KernelStack:       17264 kB
PageTables:        78240 kB
NFS_Unstable:          0 kB
Bounce:                0 kB
WritebackTmp:          0 kB
CommitLimit:     4116460 kB
Committed_AS:   12874356 kB
VmallocTotal:   34359738367 kB
VmallocUsed:           0 kB
VmallocChunk:          0 kB
HardwareCorrupted:     0 kB
AnonHugePages:         0 kB
ShmemHugePages:        0 kB
ShmemPmdMapped:        0 kB
CmaTotal:              0 kB
CmaFree:               0 kB
HugePages_Total:       0
HugePages_Free:        0
HugePages_Rsvd:        0
HugePages_Surp:        0
Hugepagesize:       2048 kB
DirectMap4k:      215936 kB
DirectMap2M:     3977216 kB


CPU:total 2 (initial active 2) (2 cores per cpu, 1 threads per core) family 6 model 23 stepping 10, cmov, cx8, fxsr, mmx, sse, sse2, sse3, ssse3, sse4.1, tsc

/proc/cpuinfo:
processor	: 0
vendor_id	: GenuineIntel
cpu family	: 6
model		: 23
model name	: Intel(R) Core(TM)2 Duo CPU     E8400  @ 3.00GHz
stepping	: 10
microcode	: 0xa07
cpu MHz		: 2704.231
cache size	: 6144 KB
physical id	: 0
siblings	: 2
core id		: 0
cpu cores	: 2
apicid		: 0
initial apicid	: 0
fpu		: yes
fpu_exception	: yes
cpuid level	: 13
wp		: yes
flags		: fpu vme de pse tsc msr pae mce cx8 apic sep mtrr pge mca cmov pat pse36 clflush dts acpi mmx fxsr sse sse2 ss ht tm pbe syscall nx lm constant_tsc arch_perfmon pebs bts rep_good nopl cpuid aperfmperf pni dtes64 monitor ds_cpl vmx smx est tm2 ssse3 cx16 xtpr pdcm sse4_1 xsave lahf_lm pti tpr_shadow vnmi flexpriority dtherm
bugs		: cpu_meltdown spectre_v1 spectre_v2 spec_store_bypass
bogomips	: 6000.32
clflush size	: 64
cache_alignment	: 64
address sizes	: 36 bits physical, 48 bits virtual
power management:

processor	: 1
vendor_id	: GenuineIntel
cpu family	: 6
model		: 23
model name	: Intel(R) Core(TM)2 Duo CPU     E8400  @ 3.00GHz
stepping	: 10
microcode	: 0xa07
cpu MHz		: 2743.019
cache size	: 6144 KB
physical id	: 0
siblings	: 2
core id		: 1
cpu cores	: 2
apicid		: 1
initial apicid	: 1
fpu		: yes
fpu_exception	: yes
cpuid level	: 13
wp		: yes
flags		: fpu vme de pse tsc msr pae mce cx8 apic sep mtrr pge mca cmov pat pse36 clflush dts acpi mmx fxsr sse sse2 ss ht tm pbe syscall nx lm constant_tsc arch_perfmon pebs bts rep_good nopl cpuid aperfmperf pni dtes64 monitor ds_cpl vmx smx est tm2 ssse3 cx16 xtpr pdcm sse4_1 xsave lahf_lm pti tpr_shadow vnmi flexpriority dtherm
bugs		: cpu_meltdown spectre_v1 spectre_v2 spec_store_bypass
bogomips	: 6000.32
clflush size	: 64
cache_alignment	: 64
address sizes	: 36 bits physical, 48 bits virtual
power management:



Memory: 4k page, physical 4038628k(115856k free), swap 2097148k(933372k free)

vm_info: OpenJDK 64-Bit Server VM (25.171-b11) for linux-amd64 JRE (1.8.0_171-8u171-b11-0ubuntu0.18.04.1-b11), built on Apr 26 2018 15:59:34 by "buildd" with gcc 7.3.0

time: Sat Feb 23 16:00:35 2019
elapsed time: 8 seconds (0d 0h 0m 8s)

